[I 2026-04-13 19:50:46,567] Trial 167 finished with value: 0.04720931798219681 and parameters: {'redundant_corr_threshold': 0.8101309993263296, 'max_nan_pct': 0.5481306725168228, 'min_nonzero_pct': 0.0010671720803472299, 'top_k_features': 100, 'd_model': 128, 'n_heads': 8, 'n_layers': 5, 'd_ff': 256, 'dropout': 0.10969907910251914, 'lr': 0.0007426933122836547, 'weight_decay': 0.006606200910003893, 'alpha_corr': 0.12580777342502153, 'alpha_smooth': 0.11506086262177932, 'alpha_delta': 0.2725331600784588, 'alpha_mono': 0.05082119338487665, 'ad_penalty': 1.032381947100196, 'spike_penalty_weight': 5.299160689791808, 'start_boost_secs': 8, 'start_boost_factor': 1.0877463635860587, 'window_size': 128, 'batch_size': 8, 'feature_mask_prob': 0.17218041499273096, 'noise_std': 0.04190748864314228}. Best is trial 143 with value: 0.01647637356072664.
============================================================
  Best val loss: 0.0165
  Best params:
    ad_penalty: 1.1898942468154372
    alpha_corr: 0.1004569426852991
    alpha_delta: 0.23580161541418493
    alpha_mono: 0.05455251823124888
    alpha_smooth: 0.12935565652353095
    batch_size: 8
    d_ff: 512
    d_model: 128
    dropout: 0.1115797102094261
    feature_mask_prob: 0.1751058219172617
    lr: 0.000833933186646973
    max_nan_pct: 0.5341852067461476
    min_nonzero_pct: 0.0019075300305137417
    n_heads: 4
    n_layers: 5
    noise_std: 0.001318404220290375
    redundant_corr_threshold: 0.8031319310726015
    start_boost_factor: 1.2922516752733169
    start_boost_secs: 24
    top_k_features: 100
    weight_decay: 0.006465894043049167
    window_size: 128
  Results: /home/kolya/ilya/seenx-ml/tune_hp/results/tune_multimodal_transformer_best.json
============================================================
[OK] copied tune_multimodal_transformer_best.json -> repo root
2026-04-13 19:50:50,514 INFO Loading data for multimodal_lstm tuning...
2026-04-13 19:50:50,533 INFO Loaded 138P93_Z_u0: 101 rows, 172 cols (output+llm)
2026-04-13 19:50:50,552 INFO Loaded 1J5zlq2Vs3Y: 101 rows, 172 cols (output+llm)
2026-04-13 19:50:50,565 INFO Loaded 39R6j9qkzPo: 101 rows, 172 cols (output+llm)
2026-04-13 19:50:50,578 INFO Loaded 3G6JrAq-w4M: 101 rows, 170 cols (output+llm)
2026-04-13 19:50:50,590 INFO Loaded 3MncoqWP_qg: 101 rows, 172 cols (output+llm)
2026-04-13 19:50:50,604 INFO Loaded 3PBo1GiAlbs: 101 rows, 172 cols (output+llm)
2026-04-13 19:50:50,616 INFO Loaded 3WA4YT8fkx8: 101 rows, 172 cols (output+llm)
2026-04-13 19:50:50,628 INFO Loaded 4WcGtcKKoWg: 101 rows, 172 cols (output+llm)
2026-04-13 19:50:50,641 INFO Loaded 6Ha1lqRKMig: 101 rows, 172 cols (output+llm)
2026-04-13 19:50:50,655 INFO Loaded 6_qPAwOsDi0: 101 rows, 172 cols (output+llm)
2026-04-13 19:50:50,673 INFO Loaded 7g_56jn0NCA: 101 rows, 172 cols (output+llm)
2026-04-13 19:50:50,688 INFO Loaded 8YXWaEo201o: 101 rows, 172 cols (output+llm)
2026-04-13 19:50:50,705 INFO Loaded 8__NWVjeyZ8: 101 rows, 172 cols (output+llm)
2026-04-13 19:50:50,716 INFO Loaded 9B3N8I4Vidc: 101 rows, 172 cols (output+llm)
2026-04-13 19:50:50,734 INFO Loaded BZEZxzRJ-L4: 101 rows, 172 cols (output+llm)
2026-04-13 19:50:50,745 INFO Loaded Db6f982wxPg: 101 rows, 172 cols (output+llm)
2026-04-13 19:50:50,763 INFO Loaded DhFuAhFMvms: 101 rows, 172 cols (output+llm)
2026-04-13 19:50:50,772 INFO Loaded DrS6_CT0XrU: 101 rows, 172 cols (output+llm)
2026-04-13 19:50:50,788 INFO Loaded ECP4p12A5FY: 101 rows, 172 cols (output+llm)
2026-04-13 19:50:50,803 INFO Loaded EFxlvlchMw8: 101 rows, 172 cols (output+llm)
2026-04-13 19:50:50,817 INFO Loaded EhAdb6fIEe0: 101 rows, 172 cols (output+llm)
2026-04-13 19:50:50,830 INFO Loaded Ei6QuJppkb4: 101 rows, 172 cols (output+llm)
2026-04-13 19:50:50,839 INFO Loaded FYbEJ3oRgFk: 100 rows, 172 cols (output+llm)
2026-04-13 19:50:50,855 INFO Loaded FZ4waB-THOA: 101 rows, 172 cols (output+llm)
2026-04-13 19:50:50,870 INFO Loaded Fr4ZqY97Bco: 101 rows, 167 cols (output+llm)
2026-04-13 19:50:50,884 INFO Loaded GfEdSBXxyHA: 101 rows, 126 cols (output+llm)
2026-04-13 19:50:50,899 INFO Loaded GthDbmZFW-w: 101 rows, 128 cols (output+llm)
2026-04-13 19:50:50,912 INFO Loaded IgJxh-fJTBU: 101 rows, 164 cols (output+llm)
2026-04-13 19:50:50,923 INFO Loaded JXTBwlW02No: 101 rows, 164 cols (output+llm)
2026-04-13 19:50:50,935 INFO Loaded K5zVqoMMj3Y: 101 rows, 166 cols (output+llm)
2026-04-13 19:50:50,947 INFO Loaded LH3DvvXTxzc: 101 rows, 164 cols (output+llm)
2026-04-13 19:50:50,960 INFO Loaded Mc0b511IaVU: 101 rows, 164 cols (output+llm)
2026-04-13 19:50:50,968 INFO Loaded NE38Pn3CYRc: 100 rows, 164 cols (output+llm)
2026-04-13 19:50:50,983 INFO Loaded Nvq6okhPSOw: 101 rows, 164 cols (output+llm)
2026-04-13 19:50:50,994 INFO Loaded OpuMLYUuP_M: 101 rows, 164 cols (output+llm)
2026-04-13 19:50:51,005 INFO Loaded P9bVljfAWS8: 101 rows, 164 cols (output+llm)
2026-04-13 19:50:51,023 INFO Loaded Q1ZmiQVX9cY: 101 rows, 164 cols (output+llm)
2026-04-13 19:50:51,038 INFO Loaded RhVq2oJpsEY: 101 rows, 164 cols (output+llm)
2026-04-13 19:50:51,047 INFO Loaded RkwsqGM4_DE: 101 rows, 136 cols (output+llm)
2026-04-13 19:50:51,057 INFO Loaded S_o49-nmh5w: 101 rows, 136 cols (output+llm)
2026-04-13 19:50:51,072 INFO Loaded Sf95qeC7BUs: 101 rows, 136 cols (output+llm)
2026-04-13 19:50:51,083 INFO Loaded U8e1Pd7aBLY: 101 rows, 138 cols (output+llm)
2026-04-13 19:50:51,091 INFO Loaded VYYzb9KHawI: 101 rows, 136 cols (output+llm)
2026-04-13 19:50:51,102 INFO Loaded VYsqc9S5b9E: 101 rows, 136 cols (output+llm)
2026-04-13 19:50:51,115 INFO Loaded W6enyqR-1Jw: 101 rows, 136 cols (output+llm)
2026-04-13 19:50:51,125 INFO Loaded YoGUM0AsXJI: 101 rows, 136 cols (output+llm)
2026-04-13 19:50:51,138 INFO Loaded YubjPoEmzgU: 101 rows, 136 cols (output+llm)
2026-04-13 19:50:51,149 INFO Loaded Z6cbf9WN0c4: 101 rows, 136 cols (output+llm)
2026-04-13 19:50:51,160 INFO Loaded b5gAWk2QuSU: 101 rows, 138 cols (output+llm)
2026-04-13 19:50:51,170 INFO Loaded bK-1Mfb93uA: 101 rows, 138 cols (output+llm)
2026-04-13 19:50:51,184 INFO Loaded dx7dMwMXSAA: 101 rows, 138 cols (output+llm)
2026-04-13 19:50:51,196 INFO Loaded e21aHqRYPKE: 101 rows, 134 cols (output+llm)
2026-04-13 19:50:51,205 INFO Loaded eL9OqXpmvOE: 101 rows, 134 cols (output+llm)
2026-04-13 19:50:51,217 INFO Loaded eLSgNBnpeRg: 101 rows, 134 cols (output+llm)
2026-04-13 19:50:51,229 INFO Loaded fwHhuHVNR4I: 101 rows, 134 cols (output+llm)
2026-04-13 19:50:51,241 INFO Loaded gYHHQNT6100: 101 rows, 132 cols (output+llm)
2026-04-13 19:50:51,251 INFO Loaded gkSAR3jbMjA: 101 rows, 96 cols (output+llm)
2026-04-13 19:50:51,262 INFO Loaded hnyYg62DY4E: 101 rows, 96 cols (output+llm)
2026-04-13 19:50:51,271 INFO Loaded iKGmIRAfmCM: 101 rows, 134 cols (output+llm)
2026-04-13 19:50:51,282 INFO Loaded iP_siVZjbzc: 101 rows, 134 cols (output+llm)
2026-04-13 19:50:51,296 INFO Loaded ib29EiVnmJM: 101 rows, 134 cols (output+llm)
2026-04-13 19:50:51,306 INFO Loaded ie3vumn9Je4: 101 rows, 134 cols (output+llm)
2026-04-13 19:50:51,318 INFO Loaded jPVQgOI33V0: 101 rows, 134 cols (output+llm)
2026-04-13 19:50:51,331 INFO Loaded jTtvWTti3b0: 101 rows, 132 cols (output+llm)
2026-04-13 19:50:51,340 INFO Loaded kifrPvJigCU: 101 rows, 132 cols (output+llm)
2026-04-13 19:50:51,352 INFO Loaded lLoSngvynB8: 101 rows, 132 cols (output+llm)
2026-04-13 19:50:51,365 INFO Loaded lYAEH2n3I58: 101 rows, 132 cols (output+llm)
2026-04-13 19:50:51,377 INFO Loaded lgeLlSArJXU: 101 rows, 132 cols (output+llm)
2026-04-13 19:50:51,388 INFO Loaded mBzEZBF1a_U: 101 rows, 132 cols (output+llm)
2026-04-13 19:50:51,396 INFO Loaded mM6sYTdPZ-0: 100 rows, 132 cols (output+llm)
2026-04-13 19:50:51,411 INFO Loaded pfacUo-6wNs: 101 rows, 125 cols (output+llm)
2026-04-13 19:50:51,420 INFO Loaded porv8WwTSgc: 101 rows, 125 cols (output+llm)
2026-04-13 19:50:51,433 INFO Loaded q607HENWvqY: 101 rows, 125 cols (output+llm)
2026-04-13 19:50:51,446 INFO Loaded qoqjZR52lOQ: 101 rows, 125 cols (output+llm)
2026-04-13 19:50:51,457 INFO Loaded rJxhpVu7BhU: 101 rows, 125 cols (output+llm)
2026-04-13 19:50:51,468 INFO Loaded sujXtr4AVRU: 101 rows, 125 cols (output+llm)
2026-04-13 19:50:51,477 INFO Loaded szF7osJgt-A: 101 rows, 125 cols (output+llm)
2026-04-13 19:50:51,489 INFO Loaded vVZDZxRRXDI: 101 rows, 125 cols (output+llm)
2026-04-13 19:50:51,502 INFO Loaded v_puTGCZjnA: 101 rows, 125 cols (output+llm)
2026-04-13 19:50:51,510 INFO Loaded vopiJ3KKT-k: 100 rows, 125 cols (output+llm)
2026-04-13 19:50:51,607 INFO Loaded wS79wHHkjjw: 101 rows, 125 cols (output+llm)
2026-04-13 19:50:51,613 INFO Loaded wWtq4RlbRos: 101 rows, 125 cols (output+llm)
2026-04-13 19:50:51,626 INFO Loaded xK0GkyIVzq4: 101 rows, 125 cols (output+llm)
2026-04-13 19:50:51,638 INFO Loaded xZnMwJQ4mfc: 101 rows, 125 cols (output+llm)
2026-04-13 19:50:51,650 INFO Loaded yKC5nekLvbs: 101 rows, 125 cols (output+llm)
2026-04-13 19:50:51,665 INFO Loaded yXaJpj7Bb9w: 101 rows, 125 cols (output+llm)
2026-04-13 19:50:51,679 INFO Loaded yv4o4Epz1eM: 101 rows, 125 cols (output+llm)
2026-04-13 19:50:51,680 INFO Total videos loaded: 87 (87 output, 0 snapshot-only)
2026-04-13 19:50:51,715 INFO Added per-video features: duration_sec, log1p_view_count, mean_retention_prior, early_retention_drop_30s
2026-04-13 19:50:52,859 INFO Loaded aligned embeddings for 87 / 87 videos
2026-04-13 19:50:52,859 INFO Train: 77 videos, Val: 10 videos
[I 2026-04-13 19:50:52,999] Using an existing study with name 'tune_multimodal_lstm' instead of creating a new one.
2026-04-13 19:50:53,002 INFO Starting Optuna study: tune_multimodal_lstm (8 trials)
2026-04-13 19:52:04,988 INFO Best params (val_loss=0.0099):
2026-04-13 19:52:04,988 INFO   ad_penalty: 2.451231015444012
2026-04-13 19:52:04,988 INFO   alpha_corr: 0.10137289147023208
2026-04-13 19:52:04,988 INFO   alpha_mono: 0.0009719733971441831
2026-04-13 19:52:04,988 INFO   alpha_smooth: 0.24226546013435543
2026-04-13 19:52:04,988 INFO   batch_size: 8
2026-04-13 19:52:04,988 INFO   dropout: 0.26390721333251815
2026-04-13 19:52:04,988 INFO   feature_mask_prob: 0.18059468452005964
2026-04-13 19:52:04,988 INFO   hidden_size: 192
2026-04-13 19:52:04,988 INFO   lr: 0.0009417416312886642
2026-04-13 19:52:04,988 INFO   max_nan_pct: 0.546087704754257
2026-04-13 19:52:04,988 INFO   min_nonzero_pct: 0.00647677444006877
2026-04-13 19:52:04,988 INFO   n_layers: 1
2026-04-13 19:52:04,988 INFO   noise_std: 0.008182792370816271
2026-04-13 19:52:04,988 INFO   redundant_corr_threshold: 0.9202032235135564
2026-04-13 19:52:04,988 INFO   start_boost_factor: 1.5486698441084976
2026-04-13 19:52:04,988 INFO   start_boost_secs: 28
2026-04-13 19:52:04,988 INFO   top_k_features: 140
2026-04-13 19:52:04,988 INFO   weight_decay: 0.00026069892092547516
2026-04-13 19:52:04,988 INFO   window_size: 192
2026-04-13 19:52:06,072 INFO Results saved to /home/kolya/ilya/seenx-ml/tune_hp/results/tune_multimodal_lstm_best.json
[I 2026-04-13 19:51:00,740] Trial 116 finished with value: 0.08146369606256484 and parameters: {'redundant_corr_threshold': 0.9328509249351514, 'max_nan_pct': 0.49352687239976967, 'min_nonzero_pct': 0.030889243040471685, 'top_k_features': 140, 'hidden_size': 192, 'n_layers': 1, 'dropout': 0.277554538098373, 'lr': 0.00029825213261497265, 'weight_decay': 0.0002349841229823425, 'alpha_corr': 0.11291356270740827, 'alpha_smooth': 0.28301010058539583, 'alpha_delta': 0.6430028599021141, 'alpha_mono': 0.008704791515035969, 'ad_penalty': 5.763807261219068, 'spike_penalty_weight': 19.306014403867106, 'start_boost_secs': 29, 'start_boost_factor': 1.229228546295537, 'window_size': 192, 'batch_size': 8, 'feature_mask_prob': 0.08210893899094603, 'noise_std': 0.009038954976859127}. Best is trial 87 with value: 0.009890320152044297.
[I 2026-04-13 19:51:05,518] Trial 117 finished with value: 0.49618083238601685 and parameters: {'redundant_corr_threshold': 0.9226120614263488, 'max_nan_pct': 0.5425055688858842, 'min_nonzero_pct': 0.007136346349655857, 'top_k_features': 140, 'hidden_size': 192, 'n_layers': 1, 'dropout': 0.30293282653430087, 'lr': 0.0010243285288464824, 'weight_decay': 0.00010983882280061418, 'alpha_corr': 0.13378525860748344, 'alpha_smooth': 0.2523760969967194, 'alpha_delta': 0.17116055244703687, 'alpha_mono': 0.08410307707115901, 'ad_penalty': 10.622943272369053, 'spike_penalty_weight': 7.680491337223904, 'start_boost_secs': 28, 'start_boost_factor': 1.1695776310412263, 'window_size': 192, 'batch_size': 32, 'feature_mask_prob': 0.1500057478581891, 'noise_std': 0.012792703553192225}. Best is trial 87 with value: 0.009890320152044297.
[I 2026-04-13 19:51:17,882] Trial 118 finished with value: 0.06672338545322418 and parameters: {'redundant_corr_threshold': 0.9349441917910611, 'max_nan_pct': 0.47106830910987635, 'min_nonzero_pct': 0.006067915140223308, 'top_k_features': 100, 'hidden_size': 96, 'n_layers': 1, 'dropout': 0.2543492843708123, 'lr': 0.0013749613672887526, 'weight_decay': 0.00014370288593198698, 'alpha_corr': 0.10747592180935421, 'alpha_smooth': 0.3374512002838803, 'alpha_delta': 0.323390727946255, 'alpha_mono': 0.07451136102021383, 'ad_penalty': 16.347243190501068, 'spike_penalty_weight': 19.876765480279747, 'start_boost_secs': 30, 'start_boost_factor': 1.7651712076416883, 'window_size': 192, 'batch_size': 8, 'feature_mask_prob': 0.17498763838747516, 'noise_std': 0.0016280485619996933}. Best is trial 87 with value: 0.009890320152044297.
[I 2026-04-13 19:51:30,393] Trial 119 finished with value: 0.06328207775950431 and parameters: {'redundant_corr_threshold': 0.9269913923905397, 'max_nan_pct': 0.5897158927448245, 'min_nonzero_pct': 0.01786370108568573, 'top_k_features': 140, 'hidden_size': 192, 'n_layers': 1, 'dropout': 0.24638543569631746, 'lr': 0.001222832556531167, 'weight_decay': 0.00017874917255782243, 'alpha_corr': 0.18655996029293503, 'alpha_smooth': 0.190049124706914, 'alpha_delta': 0.41176425281384177, 'alpha_mono': 0.027513913391140347, 'ad_penalty': 5.430701700410632, 'spike_penalty_weight': 12.323126712311385, 'start_boost_secs': 27, 'start_boost_factor': 1.4109379420766817, 'window_size': 192, 'batch_size': 8, 'feature_mask_prob': 0.07736949484144671, 'noise_std': 0.003037733151859009}. Best is trial 87 with value: 0.009890320152044297.
[I 2026-04-13 19:51:44,366] Trial 120 finished with value: 0.050270264595746995 and parameters: {'redundant_corr_threshold': 0.9447090258946602, 'max_nan_pct': 0.5555998265055188, 'min_nonzero_pct': 0.013033511077303585, 'top_k_features': 140, 'hidden_size': 64, 'n_layers': 1, 'dropout': 0.28795524745760975, 'lr': 0.0007105140190684072, 'weight_decay': 0.00025912833167211877, 'alpha_corr': 0.10023210628361857, 'alpha_smooth': 0.23956153658320417, 'alpha_delta': 0.5478898003867217, 'alpha_mono': 0.0033062043101731017, 'ad_penalty': 6.235191243062215, 'spike_penalty_weight': 6.037604084721771, 'start_boost_secs': 29, 'start_boost_factor': 1.5951099805328457, 'window_size': 192, 'batch_size': 8, 'feature_mask_prob': 0.08599491178327108, 'noise_std': 0.010277891611938891}. Best is trial 87 with value: 0.009890320152044297.
[I 2026-04-13 19:51:48,383] Trial 121 finished with value: 0.7990989446640014 and parameters: {'redundant_corr_threshold': 0.9459642209632989, 'max_nan_pct': 0.5222683246375167, 'min_nonzero_pct': 0.01953358698218951, 'top_k_features': 140, 'hidden_size': 192, 'n_layers': 1, 'dropout': 0.24951998673865022, 'lr': 0.0011557540466640454, 'weight_decay': 0.0002059010779859635, 'alpha_corr': 0.13484139580829657, 'alpha_smooth': 0.29928366044707033, 'alpha_delta': 0.7038530237898079, 'alpha_mono': 0.010529998497645389, 'ad_penalty': 2.466294950811375, 'spike_penalty_weight': 20.183986504849653, 'start_boost_secs': 30, 'start_boost_factor': 1.691921348947276, 'window_size': 192, 'batch_size': 8, 'feature_mask_prob': 0.1692919009872505, 'noise_std': 0.0007667761631318572}. Best is trial 87 with value: 0.009890320152044297.
[I 2026-04-13 19:52:00,677] Trial 122 finished with value: 0.05078391470015049 and parameters: {'redundant_corr_threshold': 0.9402366673459085, 'max_nan_pct': 0.5306198726419377, 'min_nonzero_pct': 0.015185147942572615, 'top_k_features': 140, 'hidden_size': 192, 'n_layers': 1, 'dropout': 0.23924237571648285, 'lr': 0.001164944119331656, 'weight_decay': 0.00019502938128469391, 'alpha_corr': 0.14399419411345005, 'alpha_smooth': 0.3075236094489288, 'alpha_delta': 0.18401977896556526, 'alpha_mono': 0.013772083340253611, 'ad_penalty': 3.3667898723417737, 'spike_penalty_weight': 12.38653908632357, 'start_boost_secs': 30, 'start_boost_factor': 1.8164752063517133, 'window_size': 192, 'batch_size': 8, 'feature_mask_prob': 0.17151973200739795, 'noise_std': 0.0012006711255793494}. Best is trial 87 with value: 0.009890320152044297.
