[I 2026-04-13 19:52:04,986] Trial 123 finished with value: 0.42024731636047363 and parameters: {'redundant_corr_threshold': 0.9301913009788875, 'max_nan_pct': 0.5712385128805916, 'min_nonzero_pct': 0.017589563662847377, 'top_k_features': 140, 'hidden_size': 192, 'n_layers': 1, 'dropout': 0.23564884817577697, 'lr': 0.001073612762767064, 'weight_decay': 0.00020504693824607812, 'alpha_corr': 0.12447804325417935, 'alpha_smooth': 0.26520746971292714, 'alpha_delta': 0.2718526772853989, 'alpha_mono': 0.0176734631828626, 'ad_penalty': 1.0781965970889946, 'spike_penalty_weight': 5.109205268511911, 'start_boost_secs': 28, 'start_boost_factor': 1.736952174575348, 'window_size': 192, 'batch_size': 8, 'feature_mask_prob': 0.18244003727171795, 'noise_std': 0.0045359541535602175}. Best is trial 87 with value: 0.009890320152044297.
============================================================
  Best val loss: 0.0099
  Best params:
    ad_penalty: 2.451231015444012
    alpha_corr: 0.10137289147023208
    alpha_mono: 0.0009719733971441831
    alpha_smooth: 0.24226546013435543
    batch_size: 8
    dropout: 0.26390721333251815
    feature_mask_prob: 0.18059468452005964
    hidden_size: 192
    lr: 0.0009417416312886642
    max_nan_pct: 0.546087704754257
    min_nonzero_pct: 0.00647677444006877
    n_layers: 1
    noise_std: 0.008182792370816271
    redundant_corr_threshold: 0.9202032235135564
    start_boost_factor: 1.5486698441084976
    start_boost_secs: 28
    top_k_features: 140
    weight_decay: 0.00026069892092547516
    window_size: 192
  Results: /home/kolya/ilya/seenx-ml/tune_hp/results/tune_multimodal_lstm_best.json
============================================================
[OK] copied tune_multimodal_lstm_best.json -> repo root
2026-04-13 19:52:08,810 INFO Loading data for transformer tuning...
2026-04-13 19:52:08,829 INFO Loaded 138P93_Z_u0: 101 rows, 172 cols (output+llm)
2026-04-13 19:52:08,848 INFO Loaded 1J5zlq2Vs3Y: 101 rows, 172 cols (output+llm)
2026-04-13 19:52:08,861 INFO Loaded 39R6j9qkzPo: 101 rows, 172 cols (output+llm)
2026-04-13 19:52:08,873 INFO Loaded 3G6JrAq-w4M: 101 rows, 170 cols (output+llm)
2026-04-13 19:52:08,886 INFO Loaded 3MncoqWP_qg: 101 rows, 172 cols (output+llm)
2026-04-13 19:52:08,900 INFO Loaded 3PBo1GiAlbs: 101 rows, 172 cols (output+llm)
2026-04-13 19:52:08,912 INFO Loaded 3WA4YT8fkx8: 101 rows, 172 cols (output+llm)
2026-04-13 19:52:08,924 INFO Loaded 4WcGtcKKoWg: 101 rows, 172 cols (output+llm)
2026-04-13 19:52:08,937 INFO Loaded 6Ha1lqRKMig: 101 rows, 172 cols (output+llm)
2026-04-13 19:52:08,951 INFO Loaded 6_qPAwOsDi0: 101 rows, 172 cols (output+llm)
2026-04-13 19:52:08,970 INFO Loaded 7g_56jn0NCA: 101 rows, 172 cols (output+llm)
2026-04-13 19:52:08,984 INFO Loaded 8YXWaEo201o: 101 rows, 172 cols (output+llm)
2026-04-13 19:52:09,001 INFO Loaded 8__NWVjeyZ8: 101 rows, 172 cols (output+llm)
2026-04-13 19:52:09,013 INFO Loaded 9B3N8I4Vidc: 101 rows, 172 cols (output+llm)
2026-04-13 19:52:09,031 INFO Loaded BZEZxzRJ-L4: 101 rows, 172 cols (output+llm)
2026-04-13 19:52:09,042 INFO Loaded Db6f982wxPg: 101 rows, 172 cols (output+llm)
2026-04-13 19:52:09,060 INFO Loaded DhFuAhFMvms: 101 rows, 172 cols (output+llm)
2026-04-13 19:52:09,069 INFO Loaded DrS6_CT0XrU: 101 rows, 172 cols (output+llm)
2026-04-13 19:52:09,085 INFO Loaded ECP4p12A5FY: 101 rows, 172 cols (output+llm)
2026-04-13 19:52:09,100 INFO Loaded EFxlvlchMw8: 101 rows, 172 cols (output+llm)
2026-04-13 19:52:09,114 INFO Loaded EhAdb6fIEe0: 101 rows, 172 cols (output+llm)
2026-04-13 19:52:09,127 INFO Loaded Ei6QuJppkb4: 101 rows, 172 cols (output+llm)
2026-04-13 19:52:09,136 INFO Loaded FYbEJ3oRgFk: 100 rows, 172 cols (output+llm)
2026-04-13 19:52:09,153 INFO Loaded FZ4waB-THOA: 101 rows, 172 cols (output+llm)
2026-04-13 19:52:09,168 INFO Loaded Fr4ZqY97Bco: 101 rows, 167 cols (output+llm)
2026-04-13 19:52:09,182 INFO Loaded GfEdSBXxyHA: 101 rows, 126 cols (output+llm)
2026-04-13 19:52:09,197 INFO Loaded GthDbmZFW-w: 101 rows, 128 cols (output+llm)
2026-04-13 19:52:09,210 INFO Loaded IgJxh-fJTBU: 101 rows, 164 cols (output+llm)
2026-04-13 19:52:09,221 INFO Loaded JXTBwlW02No: 101 rows, 164 cols (output+llm)
2026-04-13 19:52:09,233 INFO Loaded K5zVqoMMj3Y: 101 rows, 166 cols (output+llm)
2026-04-13 19:52:09,245 INFO Loaded LH3DvvXTxzc: 101 rows, 164 cols (output+llm)
2026-04-13 19:52:09,258 INFO Loaded Mc0b511IaVU: 101 rows, 164 cols (output+llm)
2026-04-13 19:52:09,266 INFO Loaded NE38Pn3CYRc: 100 rows, 164 cols (output+llm)
2026-04-13 19:52:09,282 INFO Loaded Nvq6okhPSOw: 101 rows, 164 cols (output+llm)
2026-04-13 19:52:09,293 INFO Loaded OpuMLYUuP_M: 101 rows, 164 cols (output+llm)
2026-04-13 19:52:09,304 INFO Loaded P9bVljfAWS8: 101 rows, 164 cols (output+llm)
2026-04-13 19:52:09,322 INFO Loaded Q1ZmiQVX9cY: 101 rows, 164 cols (output+llm)
2026-04-13 19:52:09,337 INFO Loaded RhVq2oJpsEY: 101 rows, 164 cols (output+llm)
2026-04-13 19:52:09,347 INFO Loaded RkwsqGM4_DE: 101 rows, 136 cols (output+llm)
2026-04-13 19:52:09,356 INFO Loaded S_o49-nmh5w: 101 rows, 136 cols (output+llm)
2026-04-13 19:52:09,372 INFO Loaded Sf95qeC7BUs: 101 rows, 136 cols (output+llm)
2026-04-13 19:52:09,382 INFO Loaded U8e1Pd7aBLY: 101 rows, 138 cols (output+llm)
2026-04-13 19:52:09,391 INFO Loaded VYYzb9KHawI: 101 rows, 136 cols (output+llm)
2026-04-13 19:52:09,402 INFO Loaded VYsqc9S5b9E: 101 rows, 136 cols (output+llm)
2026-04-13 19:52:09,415 INFO Loaded W6enyqR-1Jw: 101 rows, 136 cols (output+llm)
2026-04-13 19:52:09,424 INFO Loaded YoGUM0AsXJI: 101 rows, 136 cols (output+llm)
2026-04-13 19:52:09,437 INFO Loaded YubjPoEmzgU: 101 rows, 136 cols (output+llm)
2026-04-13 19:52:09,448 INFO Loaded Z6cbf9WN0c4: 101 rows, 136 cols (output+llm)
2026-04-13 19:52:09,459 INFO Loaded b5gAWk2QuSU: 101 rows, 138 cols (output+llm)
2026-04-13 19:52:09,469 INFO Loaded bK-1Mfb93uA: 101 rows, 138 cols (output+llm)
2026-04-13 19:52:09,483 INFO Loaded dx7dMwMXSAA: 101 rows, 138 cols (output+llm)
2026-04-13 19:52:09,495 INFO Loaded e21aHqRYPKE: 101 rows, 134 cols (output+llm)
2026-04-13 19:52:09,505 INFO Loaded eL9OqXpmvOE: 101 rows, 134 cols (output+llm)
2026-04-13 19:52:09,517 INFO Loaded eLSgNBnpeRg: 101 rows, 134 cols (output+llm)
2026-04-13 19:52:09,528 INFO Loaded fwHhuHVNR4I: 101 rows, 134 cols (output+llm)
2026-04-13 19:52:09,540 INFO Loaded gYHHQNT6100: 101 rows, 132 cols (output+llm)
2026-04-13 19:52:09,550 INFO Loaded gkSAR3jbMjA: 101 rows, 96 cols (output+llm)
2026-04-13 19:52:09,561 INFO Loaded hnyYg62DY4E: 101 rows, 96 cols (output+llm)
2026-04-13 19:52:09,570 INFO Loaded iKGmIRAfmCM: 101 rows, 134 cols (output+llm)
2026-04-13 19:52:09,582 INFO Loaded iP_siVZjbzc: 101 rows, 134 cols (output+llm)
2026-04-13 19:52:09,595 INFO Loaded ib29EiVnmJM: 101 rows, 134 cols (output+llm)
2026-04-13 19:52:09,606 INFO Loaded ie3vumn9Je4: 101 rows, 134 cols (output+llm)
2026-04-13 19:52:09,617 INFO Loaded jPVQgOI33V0: 101 rows, 134 cols (output+llm)
2026-04-13 19:52:09,630 INFO Loaded jTtvWTti3b0: 101 rows, 132 cols (output+llm)
2026-04-13 19:52:09,639 INFO Loaded kifrPvJigCU: 101 rows, 132 cols (output+llm)
2026-04-13 19:52:09,651 INFO Loaded lLoSngvynB8: 101 rows, 132 cols (output+llm)
2026-04-13 19:52:09,665 INFO Loaded lYAEH2n3I58: 101 rows, 132 cols (output+llm)
2026-04-13 19:52:09,677 INFO Loaded lgeLlSArJXU: 101 rows, 132 cols (output+llm)
2026-04-13 19:52:09,688 INFO Loaded mBzEZBF1a_U: 101 rows, 132 cols (output+llm)
2026-04-13 19:52:09,696 INFO Loaded mM6sYTdPZ-0: 100 rows, 132 cols (output+llm)
2026-04-13 19:52:09,711 INFO Loaded pfacUo-6wNs: 101 rows, 125 cols (output+llm)
2026-04-13 19:52:09,721 INFO Loaded porv8WwTSgc: 101 rows, 125 cols (output+llm)
2026-04-13 19:52:09,733 INFO Loaded q607HENWvqY: 101 rows, 125 cols (output+llm)
2026-04-13 19:52:09,746 INFO Loaded qoqjZR52lOQ: 101 rows, 125 cols (output+llm)
2026-04-13 19:52:09,757 INFO Loaded rJxhpVu7BhU: 101 rows, 125 cols (output+llm)
2026-04-13 19:52:09,769 INFO Loaded sujXtr4AVRU: 101 rows, 125 cols (output+llm)
2026-04-13 19:52:09,778 INFO Loaded szF7osJgt-A: 101 rows, 125 cols (output+llm)
2026-04-13 19:52:09,790 INFO Loaded vVZDZxRRXDI: 101 rows, 125 cols (output+llm)
2026-04-13 19:52:09,803 INFO Loaded v_puTGCZjnA: 101 rows, 125 cols (output+llm)
2026-04-13 19:52:09,810 INFO Loaded vopiJ3KKT-k: 100 rows, 125 cols (output+llm)
2026-04-13 19:52:09,907 INFO Loaded wS79wHHkjjw: 101 rows, 125 cols (output+llm)
2026-04-13 19:52:09,914 INFO Loaded wWtq4RlbRos: 101 rows, 125 cols (output+llm)
2026-04-13 19:52:09,927 INFO Loaded xK0GkyIVzq4: 101 rows, 125 cols (output+llm)
2026-04-13 19:52:09,938 INFO Loaded xZnMwJQ4mfc: 101 rows, 125 cols (output+llm)
2026-04-13 19:52:09,951 INFO Loaded yKC5nekLvbs: 101 rows, 125 cols (output+llm)
2026-04-13 19:52:09,967 INFO Loaded yXaJpj7Bb9w: 101 rows, 125 cols (output+llm)
2026-04-13 19:52:09,981 INFO Loaded yv4o4Epz1eM: 101 rows, 125 cols (output+llm)
2026-04-13 19:52:09,981 INFO Total videos loaded: 87 (87 output, 0 snapshot-only)
2026-04-13 19:52:10,017 INFO Added per-video features: duration_sec, log1p_view_count, mean_retention_prior, early_retention_drop_30s
2026-04-13 19:52:11,256 INFO Embedding PCA visual: 44.9% explained by 12 components
2026-04-13 19:52:11,256 INFO Embedding PCA audio: 67.9% explained by 12 components
2026-04-13 19:52:11,256 INFO Embedding PCA text: 31.9% explained by 12 components
2026-04-13 19:52:11,284 INFO Embedding PCA: added 36 features (87 videos with embeddings / 87 total)
2026-04-13 19:52:11,285 INFO Train: 77 videos, Val: 10 videos
[I 2026-04-13 19:52:11,429] Using an existing study with name 'tune_transformer' instead of creating a new one.
2026-04-13 19:52:11,432 INFO Starting Optuna study: tune_transformer (8 trials)
  self.encoder = nn.TransformerEncoder(encoder_layer, num_layers=n_layers)
  self.encoder = nn.TransformerEncoder(encoder_layer, num_layers=n_layers)
  self.encoder = nn.TransformerEncoder(encoder_layer, num_layers=n_layers)
  self.encoder = nn.TransformerEncoder(encoder_layer, num_layers=n_layers)
  self.encoder = nn.TransformerEncoder(encoder_layer, num_layers=n_layers)
  self.encoder = nn.TransformerEncoder(encoder_layer, num_layers=n_layers)
  self.encoder = nn.TransformerEncoder(encoder_layer, num_layers=n_layers)
  self.encoder = nn.TransformerEncoder(encoder_layer, num_layers=n_layers)
2026-04-13 19:53:34,975 INFO Best params (val_loss=0.0206):
2026-04-13 19:53:34,975 INFO   ad_penalty: 1.6536942169345994
2026-04-13 19:53:34,975 INFO   alpha_corr: 0.1499635375690459
2026-04-13 19:53:34,975 INFO   alpha_delta: 0.30042443686140197
2026-04-13 19:53:34,975 INFO   alpha_mono: 0.03532076311756713
2026-04-13 19:53:34,975 INFO   alpha_smooth: 0.5993310393599453
2026-04-13 19:53:34,975 INFO   batch_size: 8
2026-04-13 19:53:34,975 INFO   d_ff: 128
2026-04-13 19:53:34,975 INFO   d_model: 192
2026-04-13 19:53:34,975 INFO   dropout: 0.10135475401167546
2026-04-13 19:53:34,975 INFO   feature_mask_prob: 0.1889687958491393
2026-04-13 19:53:34,975 INFO   lr: 0.001041414579534063
2026-04-13 19:53:34,975 INFO   max_nan_pct: 0.4655231679271919
2026-04-13 19:53:34,975 INFO   min_nonzero_pct: 0.00639428591426932
2026-04-13 19:53:34,975 INFO   n_heads: 4
2026-04-13 19:53:34,975 INFO   n_layers: 4
2026-04-13 19:53:34,975 INFO   noise_std: 0.048427283349600544
2026-04-13 19:53:34,975 INFO   redundant_corr_threshold: 0.885363611619123
2026-04-13 19:53:34,975 INFO   spike_penalty_weight: 8.287137055882313
2026-04-13 19:53:34,975 INFO   start_boost_factor: 1.5845013078126837
2026-04-13 19:53:34,975 INFO   start_boost_secs: 21
2026-04-13 19:53:34,975 INFO   top_k_features: 140
2026-04-13 19:53:34,975 INFO   weight_decay: 0.001562113511905567
2026-04-13 19:53:34,975 INFO   window_size: 64
2026-04-13 19:53:36,344 INFO Results saved to /home/kolya/ilya/seenx-ml/tune_hp/results/tune_transformer_best.json
[I 2026-04-13 19:52:16,992] Trial 8 finished with value: 0.14798274040222167 and parameters: {'redundant_corr_threshold': 0.8249080237694725, 'max_nan_pct': 0.5778214378844623, 'min_nonzero_pct': 0.01752410111812814, 'top_k_features': 100, 'd_model': 128, 'n_heads': 2, 'n_layers': 3, 'd_ff': 128, 'dropout': 0.2835558684167139, 'lr': 0.0001518747922672249, 'weight_decay': 0.0003839629299804173, 'alpha_corr': 0.2465447373174767, 'alpha_smooth': 0.32803499210851794, 'alpha_delta': 0.6496231729751095, 'alpha_mono': 0.019967378215835975, 'ad_penalty': 13.341626521926678, 'spike_penalty_weight': 15.625535083826977, 'start_boost_secs': 6, 'start_boost_factor': 2.8226345557043153, 'window_size': 192, 'batch_size': 8, 'feature_mask_prob': 0.1368466053024314, 'noise_std': 0.022007624686980067}. Best is trial 2 with value: 0.04198766127228737.
[I 2026-04-13 19:52:24,278] Trial 9 finished with value: 0.04680550843477249 and parameters: {'redundant_corr_threshold': 0.7744076469689558, 'max_nan_pct': 0.37282960955007155, 'min_nonzero_pct': 0.0011439974749291274, 'top_k_features': 0, 'd_model': 96, 'n_heads': 8, 'n_layers': 2, 'd_ff': 512, 'dropout': 0.21660318690684463, 'lr': 0.0002254411699736049, 'weight_decay': 0.004544383960336014, 'alpha_corr': 0.2427013306774357, 'alpha_smooth': 0.2404672548436904, 'alpha_delta': 0.47988725821077394, 'alpha_mono': 0.014092422497476265, 'ad_penalty': 20.252727538096952, 'spike_penalty_weight': 3.714664804634729, 'start_boost_secs': 30, 'start_boost_factor': 3.3167343078899725, 'window_size': 128, 'batch_size': 16, 'feature_mask_prob': 0.07169314570885453, 'noise_std': 0.005793452976256486}. Best is trial 2 with value: 0.04198766127228737.
[I 2026-04-13 19:52:34,681] Trial 10 finished with value: 0.025702440366148948 and parameters: {'redundant_corr_threshold': 0.884493955552559, 'max_nan_pct': 0.4677601433800783, 'min_nonzero_pct': 0.006998387382996544, 'top_k_features': 140, 'd_model': 192, 'n_heads': 4, 'n_layers': 4, 'd_ff': 128, 'dropout': 0.11029734963852662, 'lr': 0.0009134562731480684, 'weight_decay': 0.0015168735523025379, 'alpha_corr': 0.11242722428350474, 'alpha_smooth': 0.562365963988932, 'alpha_delta': 0.30366105854191205, 'alpha_mono': 0.03770643213283005, 'ad_penalty': 4.847935142244809, 'spike_penalty_weight': 8.837609546342168, 'start_boost_secs': 20, 'start_boost_factor': 1.4960958277636736, 'window_size': 64, 'batch_size': 8, 'feature_mask_prob': 0.19974840150800852, 'noise_std': 0.049198866911092806}. Best is trial 10 with value: 0.025702440366148948.
[I 2026-04-13 19:52:46,469] Trial 11 finished with value: 0.020556688060363135 and parameters: {'redundant_corr_threshold': 0.885363611619123, 'max_nan_pct': 0.4655231679271919, 'min_nonzero_pct': 0.00639428591426932, 'top_k_features': 140, 'd_model': 192, 'n_heads': 4, 'n_layers': 4, 'd_ff': 128, 'dropout': 0.10135475401167546, 'lr': 0.001041414579534063, 'weight_decay': 0.001562113511905567, 'alpha_corr': 0.1499635375690459, 'alpha_smooth': 0.5993310393599453, 'alpha_delta': 0.30042443686140197, 'alpha_mono': 0.03532076311756713, 'ad_penalty': 1.6536942169345994, 'spike_penalty_weight': 8.287137055882313, 'start_boost_secs': 21, 'start_boost_factor': 1.5845013078126837, 'window_size': 64, 'batch_size': 8, 'feature_mask_prob': 0.1889687958491393, 'noise_std': 0.048427283349600544}. Best is trial 11 with value: 0.020556688060363135.
[I 2026-04-13 19:53:03,472] Trial 12 finished with value: 0.02486683465540409 and parameters: {'redundant_corr_threshold': 0.8818438820902249, 'max_nan_pct': 0.4770841530303597, 'min_nonzero_pct': 0.008958011002566922, 'top_k_features': 140, 'd_model': 192, 'n_heads': 4, 'n_layers': 5, 'd_ff': 128, 'dropout': 0.13841574121747754, 'lr': 0.0011710040526586017, 'weight_decay': 0.0021360926827189036, 'alpha_corr': 0.10193051545735352, 'alpha_smooth': 0.460734995682724, 'alpha_delta': 0.32091521756945396, 'alpha_mono': 0.03506340794195353, 'ad_penalty': 1.6532566333887218, 'spike_penalty_weight': 9.209538196922015, 'start_boost_secs': 21, 'start_boost_factor': 1.0170866993131575, 'window_size': 64, 'batch_size': 8, 'feature_mask_prob': 0.19341970205600992, 'noise_std': 0.049915865016024276}. Best is trial 11 with value: 0.020556688060363135.
[I 2026-04-13 19:53:16,232] Trial 13 finished with value: 0.03214685581624508 and parameters: {'redundant_corr_threshold': 0.8679483681467521, 'max_nan_pct': 0.49861965090015137, 'min_nonzero_pct': 0.007799013211525242, 'top_k_features': 80, 'd_model': 192, 'n_heads': 4, 'n_layers': 6, 'd_ff': 128, 'dropout': 0.16077134493515807, 'lr': 0.0014125957669498103, 'weight_decay': 0.001776700179989049, 'alpha_corr': 0.10533462257648618, 'alpha_smooth': 0.44074349807061225, 'alpha_delta': 0.3626739294330742, 'alpha_mono': 0.032344037598896834, 'ad_penalty': 2.0307300385857325, 'spike_penalty_weight': 11.435069719554125, 'start_boost_secs': 24, 'start_boost_factor': 1.0397962318857046, 'window_size': 64, 'batch_size': 8, 'feature_mask_prob': 0.17070461178656535, 'noise_std': 0.04968672319842631}. Best is trial 11 with value: 0.020556688060363135.
[I 2026-04-13 19:53:28,234] Trial 14 finished with value: 0.028224207709232965 and parameters: {'redundant_corr_threshold': 0.898904817495171, 'max_nan_pct': 0.27099330689413026, 'min_nonzero_pct': 0.04841039153702387, 'top_k_features': 140, 'd_model': 192, 'n_heads': 4, 'n_layers': 5, 'd_ff': 128, 'dropout': 0.15682757640026387, 'lr': 0.0010757466953008272, 'weight_decay': 0.0028639550242784972, 'alpha_corr': 0.16427123326452392, 'alpha_smooth': 0.4593697666461243, 'alpha_delta': 0.14026959801202685, 'alpha_mono': 0.0017358403505768755, 'ad_penalty': 1.1724421923793342, 'spike_penalty_weight': 6.335835410679708, 'start_boost_secs': 25, 'start_boost_factor': 1.802425904306693, 'window_size': 64, 'batch_size': 8, 'feature_mask_prob': 0.19835939405859115, 'noise_std': 0.04398453782009584}. Best is trial 11 with value: 0.020556688060363135.
