[I 2026-04-13 19:55:40,332] Trial 15 finished with value: 0.02725336328148842 and parameters: {'redundant_corr_threshold': 0.7832779076991689, 'max_nan_pct': 0.28974488881325966, 'min_nonzero_pct': 0.010257075214652788, 'top_k_features': 80, 'hidden_size': 192, 'n_layers': 3, 'dropout': 0.23534154437406052, 'lr': 0.0005661853974661416, 'weight_decay': 0.0010255806021876993, 'alpha_corr': 0.16992163609979571, 'alpha_smooth': 0.37692824586339174, 'alpha_delta': 0.43846693351175875, 'alpha_mono': 0.08078366881638485, 'ad_penalty': 8.810949240052704, 'spike_penalty_weight': 12.125248347496342, 'start_boost_secs': 5, 'start_boost_factor': 3.8691412536683405, 'window_size': 128, 'batch_size': 8, 'feature_mask_prob': 0.12727287176886523, 'noise_std': 0.017290450507713825}. Best is trial 10 with value: 0.02461395151913166.
============================================================
  Best val loss: 0.0246
  Best params:
    ad_penalty: 12.522958199113086
    alpha_corr: 0.12276718380382587
    alpha_delta: 0.12174764249613329
    alpha_mono: 0.09244170580392744
    alpha_smooth: 0.4391268998756262
    batch_size: 8
    dropout: 0.10467843989753689
    feature_mask_prob: 0.10250298267635281
    hidden_size: 192
    lr: 0.00010331920050393406
    max_nan_pct: 0.36299729465460084
    min_nonzero_pct: 0.014226482424297096
    n_layers: 2
    noise_std: 0.02478361621887188
    redundant_corr_threshold: 0.75411593622259
    spike_penalty_weight: 15.295281828643901
    start_boost_factor: 3.069671270049075
    start_boost_secs: 29
    top_k_features: 60
    weight_decay: 0.0010103879228374594
    window_size: 128
  Results: /home/kolya/ilya/seenx-ml/tune_hp/results/tune_lstm_best.json
============================================================
[OK] copied tune_lstm_best.json -> repo root
============================================================
[PRE] compute_video_clusters (configs/video_cluster_train_lists.json)
[clusters] videos=82 -> /home/kolya/ilya/seenx-ml/configs/video_clusters.json
============================================================
[PRE] video_clustering (min-k=6, max-k=8, retention)
Traceback (most recent call last):
  File "/home/kolya/ilya/seenx-ml/analysis/video_clustering.py", line 14, in <module>
    import plotly.express as px
ModuleNotFoundError: No module named 'plotly'
[PRE] Injecting Cluster & Curve Features into output CSVs
2026-04-13 19:55:44,184 INFO Loaded clusters for 87 videos
2026-04-13 19:55:44,184 INFO Loading retention curves to fit parameters...
2026-04-13 19:55:44,203 INFO Loaded 138P93_Z_u0: 101 rows, 172 cols (output+llm)
2026-04-13 19:55:44,222 INFO Loaded 1J5zlq2Vs3Y: 101 rows, 172 cols (output+llm)
2026-04-13 19:55:44,235 INFO Loaded 39R6j9qkzPo: 101 rows, 172 cols (output+llm)
2026-04-13 19:55:44,247 INFO Loaded 3G6JrAq-w4M: 101 rows, 170 cols (output+llm)
2026-04-13 19:55:44,260 INFO Loaded 3MncoqWP_qg: 101 rows, 172 cols (output+llm)
2026-04-13 19:55:44,274 INFO Loaded 3PBo1GiAlbs: 101 rows, 172 cols (output+llm)
2026-04-13 19:55:44,286 INFO Loaded 3WA4YT8fkx8: 101 rows, 172 cols (output+llm)
2026-04-13 19:55:44,297 INFO Loaded 4WcGtcKKoWg: 101 rows, 172 cols (output+llm)
2026-04-13 19:55:44,310 INFO Loaded 6Ha1lqRKMig: 101 rows, 172 cols (output+llm)
2026-04-13 19:55:44,324 INFO Loaded 6_qPAwOsDi0: 101 rows, 172 cols (output+llm)
2026-04-13 19:55:44,342 INFO Loaded 7g_56jn0NCA: 101 rows, 172 cols (output+llm)
2026-04-13 19:55:44,356 INFO Loaded 8YXWaEo201o: 101 rows, 172 cols (output+llm)
2026-04-13 19:55:44,374 INFO Loaded 8__NWVjeyZ8: 101 rows, 172 cols (output+llm)
2026-04-13 19:55:44,385 INFO Loaded 9B3N8I4Vidc: 101 rows, 172 cols (output+llm)
2026-04-13 19:55:44,402 INFO Loaded BZEZxzRJ-L4: 101 rows, 172 cols (output+llm)
2026-04-13 19:55:44,413 INFO Loaded Db6f982wxPg: 101 rows, 172 cols (output+llm)
2026-04-13 19:55:44,431 INFO Loaded DhFuAhFMvms: 101 rows, 172 cols (output+llm)
2026-04-13 19:55:44,441 INFO Loaded DrS6_CT0XrU: 101 rows, 172 cols (output+llm)
2026-04-13 19:55:44,456 INFO Loaded ECP4p12A5FY: 101 rows, 172 cols (output+llm)
2026-04-13 19:55:44,471 INFO Loaded EFxlvlchMw8: 101 rows, 172 cols (output+llm)
2026-04-13 19:55:44,485 INFO Loaded EhAdb6fIEe0: 101 rows, 172 cols (output+llm)
2026-04-13 19:55:44,498 INFO Loaded Ei6QuJppkb4: 101 rows, 172 cols (output+llm)
2026-04-13 19:55:44,506 INFO Loaded FYbEJ3oRgFk: 100 rows, 172 cols (output+llm)
2026-04-13 19:55:44,523 INFO Loaded FZ4waB-THOA: 101 rows, 172 cols (output+llm)
2026-04-13 19:55:44,538 INFO Loaded Fr4ZqY97Bco: 101 rows, 167 cols (output+llm)
2026-04-13 19:55:44,552 INFO Loaded GfEdSBXxyHA: 101 rows, 126 cols (output+llm)
2026-04-13 19:55:44,566 INFO Loaded GthDbmZFW-w: 101 rows, 128 cols (output+llm)
2026-04-13 19:55:44,580 INFO Loaded IgJxh-fJTBU: 101 rows, 164 cols (output+llm)
2026-04-13 19:55:44,590 INFO Loaded JXTBwlW02No: 101 rows, 164 cols (output+llm)
2026-04-13 19:55:44,603 INFO Loaded K5zVqoMMj3Y: 101 rows, 166 cols (output+llm)
2026-04-13 19:55:44,614 INFO Loaded LH3DvvXTxzc: 101 rows, 164 cols (output+llm)
2026-04-13 19:55:44,627 INFO Loaded Mc0b511IaVU: 101 rows, 164 cols (output+llm)
2026-04-13 19:55:44,635 INFO Loaded NE38Pn3CYRc: 100 rows, 164 cols (output+llm)
2026-04-13 19:55:44,650 INFO Loaded Nvq6okhPSOw: 101 rows, 164 cols (output+llm)
2026-04-13 19:55:44,661 INFO Loaded OpuMLYUuP_M: 101 rows, 164 cols (output+llm)
2026-04-13 19:55:44,672 INFO Loaded P9bVljfAWS8: 101 rows, 164 cols (output+llm)
2026-04-13 19:55:44,690 INFO Loaded Q1ZmiQVX9cY: 101 rows, 164 cols (output+llm)
2026-04-13 19:55:44,705 INFO Loaded RhVq2oJpsEY: 101 rows, 164 cols (output+llm)
2026-04-13 19:55:44,714 INFO Loaded RkwsqGM4_DE: 101 rows, 136 cols (output+llm)
2026-04-13 19:55:44,723 INFO Loaded S_o49-nmh5w: 101 rows, 136 cols (output+llm)
2026-04-13 19:55:44,739 INFO Loaded Sf95qeC7BUs: 101 rows, 136 cols (output+llm)
2026-04-13 19:55:44,749 INFO Loaded U8e1Pd7aBLY: 101 rows, 138 cols (output+llm)
2026-04-13 19:55:44,758 INFO Loaded VYYzb9KHawI: 101 rows, 136 cols (output+llm)
2026-04-13 19:55:44,769 INFO Loaded VYsqc9S5b9E: 101 rows, 136 cols (output+llm)
2026-04-13 19:55:44,781 INFO Loaded W6enyqR-1Jw: 101 rows, 136 cols (output+llm)
2026-04-13 19:55:44,791 INFO Loaded YoGUM0AsXJI: 101 rows, 136 cols (output+llm)
2026-04-13 19:55:44,804 INFO Loaded YubjPoEmzgU: 101 rows, 136 cols (output+llm)
2026-04-13 19:55:44,815 INFO Loaded Z6cbf9WN0c4: 101 rows, 136 cols (output+llm)
2026-04-13 19:55:44,826 INFO Loaded b5gAWk2QuSU: 101 rows, 138 cols (output+llm)
2026-04-13 19:55:44,836 INFO Loaded bK-1Mfb93uA: 101 rows, 138 cols (output+llm)
2026-04-13 19:55:44,849 INFO Loaded dx7dMwMXSAA: 101 rows, 138 cols (output+llm)
2026-04-13 19:55:44,861 INFO Loaded e21aHqRYPKE: 101 rows, 134 cols (output+llm)
2026-04-13 19:55:44,871 INFO Loaded eL9OqXpmvOE: 101 rows, 134 cols (output+llm)
2026-04-13 19:55:44,883 INFO Loaded eLSgNBnpeRg: 101 rows, 134 cols (output+llm)
2026-04-13 19:55:44,894 INFO Loaded fwHhuHVNR4I: 101 rows, 134 cols (output+llm)
2026-04-13 19:55:44,906 INFO Loaded gYHHQNT6100: 101 rows, 132 cols (output+llm)
2026-04-13 19:55:44,916 INFO Loaded gkSAR3jbMjA: 101 rows, 96 cols (output+llm)
2026-04-13 19:55:44,927 INFO Loaded hnyYg62DY4E: 101 rows, 96 cols (output+llm)
2026-04-13 19:55:44,936 INFO Loaded iKGmIRAfmCM: 101 rows, 134 cols (output+llm)
2026-04-13 19:55:44,947 INFO Loaded iP_siVZjbzc: 101 rows, 134 cols (output+llm)
2026-04-13 19:55:44,961 INFO Loaded ib29EiVnmJM: 101 rows, 134 cols (output+llm)
2026-04-13 19:55:44,971 INFO Loaded ie3vumn9Je4: 101 rows, 134 cols (output+llm)
2026-04-13 19:55:44,982 INFO Loaded jPVQgOI33V0: 101 rows, 134 cols (output+llm)
2026-04-13 19:55:44,995 INFO Loaded jTtvWTti3b0: 101 rows, 132 cols (output+llm)
2026-04-13 19:55:45,004 INFO Loaded kifrPvJigCU: 101 rows, 132 cols (output+llm)
2026-04-13 19:55:45,016 INFO Loaded lLoSngvynB8: 101 rows, 132 cols (output+llm)
2026-04-13 19:55:45,030 INFO Loaded lYAEH2n3I58: 101 rows, 132 cols (output+llm)
2026-04-13 19:55:45,042 INFO Loaded lgeLlSArJXU: 101 rows, 132 cols (output+llm)
2026-04-13 19:55:45,053 INFO Loaded mBzEZBF1a_U: 101 rows, 132 cols (output+llm)
2026-04-13 19:55:45,061 INFO Loaded mM6sYTdPZ-0: 100 rows, 132 cols (output+llm)
2026-04-13 19:55:45,076 INFO Loaded pfacUo-6wNs: 101 rows, 125 cols (output+llm)
2026-04-13 19:55:45,085 INFO Loaded porv8WwTSgc: 101 rows, 125 cols (output+llm)
2026-04-13 19:55:45,098 INFO Loaded q607HENWvqY: 101 rows, 125 cols (output+llm)
2026-04-13 19:55:45,111 INFO Loaded qoqjZR52lOQ: 101 rows, 125 cols (output+llm)
2026-04-13 19:55:45,122 INFO Loaded rJxhpVu7BhU: 101 rows, 125 cols (output+llm)
2026-04-13 19:55:45,133 INFO Loaded sujXtr4AVRU: 101 rows, 125 cols (output+llm)
2026-04-13 19:55:45,142 INFO Loaded szF7osJgt-A: 101 rows, 125 cols (output+llm)
2026-04-13 19:55:45,154 INFO Loaded vVZDZxRRXDI: 101 rows, 125 cols (output+llm)
2026-04-13 19:55:45,167 INFO Loaded v_puTGCZjnA: 101 rows, 125 cols (output+llm)
2026-04-13 19:55:45,174 INFO Loaded vopiJ3KKT-k: 100 rows, 125 cols (output+llm)
2026-04-13 19:55:45,183 INFO Loaded wS79wHHkjjw: 101 rows, 125 cols (output+llm)
2026-04-13 19:55:45,189 INFO Loaded wWtq4RlbRos: 101 rows, 125 cols (output+llm)
2026-04-13 19:55:45,201 INFO Loaded xK0GkyIVzq4: 101 rows, 125 cols (output+llm)
2026-04-13 19:55:45,213 INFO Loaded xZnMwJQ4mfc: 101 rows, 125 cols (output+llm)
2026-04-13 19:55:45,225 INFO Loaded yKC5nekLvbs: 101 rows, 125 cols (output+llm)
2026-04-13 19:55:45,240 INFO Loaded yXaJpj7Bb9w: 101 rows, 125 cols (output+llm)
2026-04-13 19:55:45,254 INFO Loaded yv4o4Epz1eM: 101 rows, 125 cols (output+llm)
2026-04-13 19:55:45,255 INFO Total videos loaded: 87 (87 output, 0 snapshot-only)
2026-04-13 19:55:45,289 INFO Added per-video features: duration_sec, log1p_view_count, mean_retention_prior, early_retention_drop_30s
2026-04-13 19:55:56,515 INFO Computed curve parameters for 87 videos
2026-04-13 19:56:06,647 INFO Updated 174 files in output
============================================================
[RUN] lstm_v1_baseline
[OUT] experiments/lstm_exp/v1_baseline
[LOG] experiments/_logs/run_20260413_194948/lstm_v1_baseline.log
[CLEAN] Removing existing directory: experiments/lstm_exp/v1_baseline
2026-04-13 19:56:09,094 INFO Loading merged data...
2026-04-13 19:56:09,113 INFO Loaded 138P93_Z_u0: 101 rows, 172 cols (output+llm)
2026-04-13 19:56:09,132 INFO Loaded 1J5zlq2Vs3Y: 101 rows, 172 cols (output+llm)
2026-04-13 19:56:09,145 INFO Loaded 39R6j9qkzPo: 101 rows, 172 cols (output+llm)
2026-04-13 19:56:09,157 INFO Loaded 3G6JrAq-w4M: 101 rows, 170 cols (output+llm)
2026-04-13 19:56:09,170 INFO Loaded 3MncoqWP_qg: 101 rows, 172 cols (output+llm)
2026-04-13 19:56:09,184 INFO Loaded 3PBo1GiAlbs: 101 rows, 172 cols (output+llm)
2026-04-13 19:56:09,196 INFO Loaded 3WA4YT8fkx8: 101 rows, 172 cols (output+llm)
2026-04-13 19:56:09,207 INFO Loaded 4WcGtcKKoWg: 101 rows, 172 cols (output+llm)
2026-04-13 19:56:09,220 INFO Loaded 6Ha1lqRKMig: 101 rows, 172 cols (output+llm)
2026-04-13 19:56:09,234 INFO Loaded 6_qPAwOsDi0: 101 rows, 172 cols (output+llm)
2026-04-13 19:56:09,253 INFO Loaded 7g_56jn0NCA: 101 rows, 172 cols (output+llm)
2026-04-13 19:56:09,267 INFO Loaded 8YXWaEo201o: 101 rows, 172 cols (output+llm)
2026-04-13 19:56:09,284 INFO Loaded 8__NWVjeyZ8: 101 rows, 172 cols (output+llm)
2026-04-13 19:56:09,296 INFO Loaded 9B3N8I4Vidc: 101 rows, 172 cols (output+llm)
2026-04-13 19:56:09,313 INFO Loaded BZEZxzRJ-L4: 101 rows, 172 cols (output+llm)
2026-04-13 19:56:09,325 INFO Loaded Db6f982wxPg: 101 rows, 172 cols (output+llm)
2026-04-13 19:56:09,343 INFO Loaded DhFuAhFMvms: 101 rows, 172 cols (output+llm)
2026-04-13 19:56:09,352 INFO Loaded DrS6_CT0XrU: 101 rows, 172 cols (output+llm)
2026-04-13 19:56:09,368 INFO Loaded ECP4p12A5FY: 101 rows, 172 cols (output+llm)
2026-04-13 19:56:09,383 INFO Loaded EFxlvlchMw8: 101 rows, 172 cols (output+llm)
2026-04-13 19:56:09,397 INFO Loaded EhAdb6fIEe0: 101 rows, 172 cols (output+llm)
2026-04-13 19:56:09,409 INFO Loaded Ei6QuJppkb4: 101 rows, 172 cols (output+llm)
2026-04-13 19:56:09,419 INFO Loaded FYbEJ3oRgFk: 100 rows, 172 cols (output+llm)
2026-04-13 19:56:09,435 INFO Loaded FZ4waB-THOA: 101 rows, 172 cols (output+llm)
2026-04-13 19:56:09,450 INFO Loaded Fr4ZqY97Bco: 101 rows, 167 cols (output+llm)
2026-04-13 19:56:09,465 INFO Loaded GfEdSBXxyHA: 101 rows, 126 cols (output+llm)
2026-04-13 19:56:09,479 INFO Loaded GthDbmZFW-w: 101 rows, 128 cols (output+llm)
2026-04-13 19:56:09,492 INFO Loaded IgJxh-fJTBU: 101 rows, 164 cols (output+llm)
2026-04-13 19:56:09,503 INFO Loaded JXTBwlW02No: 101 rows, 164 cols (output+llm)
2026-04-13 19:56:09,516 INFO Loaded K5zVqoMMj3Y: 101 rows, 166 cols (output+llm)
2026-04-13 19:56:09,528 INFO Loaded LH3DvvXTxzc: 101 rows, 164 cols (output+llm)
2026-04-13 19:56:09,540 INFO Loaded Mc0b511IaVU: 101 rows, 164 cols (output+llm)
2026-04-13 19:56:09,548 INFO Loaded NE38Pn3CYRc: 100 rows, 164 cols (output+llm)
2026-04-13 19:56:09,564 INFO Loaded Nvq6okhPSOw: 101 rows, 164 cols (output+llm)
2026-04-13 19:56:09,575 INFO Loaded OpuMLYUuP_M: 101 rows, 164 cols (output+llm)
2026-04-13 19:56:09,586 INFO Loaded P9bVljfAWS8: 101 rows, 164 cols (output+llm)
2026-04-13 19:56:09,604 INFO Loaded Q1ZmiQVX9cY: 101 rows, 164 cols (output+llm)
2026-04-13 19:56:09,619 INFO Loaded RhVq2oJpsEY: 101 rows, 164 cols (output+llm)
2026-04-13 19:56:09,628 INFO Loaded RkwsqGM4_DE: 101 rows, 136 cols (output+llm)
2026-04-13 19:56:09,638 INFO Loaded S_o49-nmh5w: 101 rows, 136 cols (output+llm)
2026-04-13 19:56:09,653 INFO Loaded Sf95qeC7BUs: 101 rows, 136 cols (output+llm)
2026-04-13 19:56:09,664 INFO Loaded U8e1Pd7aBLY: 101 rows, 138 cols (output+llm)
2026-04-13 19:56:09,673 INFO Loaded VYYzb9KHawI: 101 rows, 136 cols (output+llm)
2026-04-13 19:56:09,683 INFO Loaded VYsqc9S5b9E: 101 rows, 136 cols (output+llm)
2026-04-13 19:56:09,696 INFO Loaded W6enyqR-1Jw: 101 rows, 136 cols (output+llm)
2026-04-13 19:56:09,707 INFO Loaded YoGUM0AsXJI: 101 rows, 136 cols (output+llm)
2026-04-13 19:56:09,719 INFO Loaded YubjPoEmzgU: 101 rows, 136 cols (output+llm)
2026-04-13 19:56:09,731 INFO Loaded Z6cbf9WN0c4: 101 rows, 136 cols (output+llm)
2026-04-13 19:56:09,742 INFO Loaded b5gAWk2QuSU: 101 rows, 138 cols (output+llm)
2026-04-13 19:56:09,752 INFO Loaded bK-1Mfb93uA: 101 rows, 138 cols (output+llm)
2026-04-13 19:56:09,766 INFO Loaded dx7dMwMXSAA: 101 rows, 138 cols (output+llm)
2026-04-13 19:56:09,778 INFO Loaded e21aHqRYPKE: 101 rows, 134 cols (output+llm)
2026-04-13 19:56:09,788 INFO Loaded eL9OqXpmvOE: 101 rows, 134 cols (output+llm)
2026-04-13 19:56:09,800 INFO Loaded eLSgNBnpeRg: 101 rows, 134 cols (output+llm)
2026-04-13 19:56:09,811 INFO Loaded fwHhuHVNR4I: 101 rows, 134 cols (output+llm)
2026-04-13 19:56:09,823 INFO Loaded gYHHQNT6100: 101 rows, 132 cols (output+llm)
2026-04-13 19:56:09,833 INFO Loaded gkSAR3jbMjA: 101 rows, 96 cols (output+llm)
2026-04-13 19:56:09,844 INFO Loaded hnyYg62DY4E: 101 rows, 96 cols (output+llm)
2026-04-13 19:56:09,853 INFO Loaded iKGmIRAfmCM: 101 rows, 134 cols (output+llm)
2026-04-13 19:56:09,865 INFO Loaded iP_siVZjbzc: 101 rows, 134 cols (output+llm)
2026-04-13 19:56:09,879 INFO Loaded ib29EiVnmJM: 101 rows, 134 cols (output+llm)
2026-04-13 19:56:09,889 INFO Loaded ie3vumn9Je4: 101 rows, 134 cols (output+llm)
2026-04-13 19:56:09,900 INFO Loaded jPVQgOI33V0: 101 rows, 134 cols (output+llm)
2026-04-13 19:56:09,914 INFO Loaded jTtvWTti3b0: 101 rows, 132 cols (output+llm)
2026-04-13 19:56:09,923 INFO Loaded kifrPvJigCU: 101 rows, 132 cols (output+llm)
2026-04-13 19:56:09,935 INFO Loaded lLoSngvynB8: 101 rows, 132 cols (output+llm)
2026-04-13 19:56:09,948 INFO Loaded lYAEH2n3I58: 101 rows, 132 cols (output+llm)
2026-04-13 19:56:09,960 INFO Loaded lgeLlSArJXU: 101 rows, 132 cols (output+llm)
2026-04-13 19:56:10,059 INFO Loaded mBzEZBF1a_U: 101 rows, 132 cols (output+llm)
2026-04-13 19:56:10,067 INFO Loaded mM6sYTdPZ-0: 100 rows, 132 cols (output+llm)
2026-04-13 19:56:10,082 INFO Loaded pfacUo-6wNs: 101 rows, 125 cols (output+llm)
2026-04-13 19:56:10,092 INFO Loaded porv8WwTSgc: 101 rows, 125 cols (output+llm)
2026-04-13 19:56:10,105 INFO Loaded q607HENWvqY: 101 rows, 125 cols (output+llm)
2026-04-13 19:56:10,118 INFO Loaded qoqjZR52lOQ: 101 rows, 125 cols (output+llm)
2026-04-13 19:56:10,129 INFO Loaded rJxhpVu7BhU: 101 rows, 125 cols (output+llm)
2026-04-13 19:56:10,141 INFO Loaded sujXtr4AVRU: 101 rows, 125 cols (output+llm)
2026-04-13 19:56:10,150 INFO Loaded szF7osJgt-A: 101 rows, 125 cols (output+llm)
2026-04-13 19:56:10,162 INFO Loaded vVZDZxRRXDI: 101 rows, 125 cols (output+llm)
2026-04-13 19:56:10,175 INFO Loaded v_puTGCZjnA: 101 rows, 125 cols (output+llm)
2026-04-13 19:56:10,183 INFO Loaded vopiJ3KKT-k: 100 rows, 125 cols (output+llm)
2026-04-13 19:56:10,191 INFO Loaded wS79wHHkjjw: 101 rows, 125 cols (output+llm)
2026-04-13 19:56:10,197 INFO Loaded wWtq4RlbRos: 101 rows, 125 cols (output+llm)
2026-04-13 19:56:10,210 INFO Loaded xK0GkyIVzq4: 101 rows, 125 cols (output+llm)
2026-04-13 19:56:10,222 INFO Loaded xZnMwJQ4mfc: 101 rows, 125 cols (output+llm)
2026-04-13 19:56:10,234 INFO Loaded yKC5nekLvbs: 101 rows, 125 cols (output+llm)
2026-04-13 19:56:10,250 INFO Loaded yXaJpj7Bb9w: 101 rows, 125 cols (output+llm)
2026-04-13 19:56:10,264 INFO Loaded yv4o4Epz1eM: 101 rows, 125 cols (output+llm)
2026-04-13 19:56:10,264 INFO Total videos loaded: 87 (87 output, 0 snapshot-only)
2026-04-13 19:56:10,300 INFO Added per-video features: duration_sec, log1p_view_count, mean_retention_prior, early_retention_drop_30s
2026-04-13 19:56:10,303 INFO Dropped 6 videos shorter than 540 s (81 remain)
2026-04-13 19:56:10,304 INFO Dropped 9 videos longer than 1620 s (72 remain)
2026-04-13 19:56:11,481 INFO Embedding PCA visual: 45.1% explained by 12 components
2026-04-13 19:56:11,481 INFO Embedding PCA audio: 67.1% explained by 12 components
2026-04-13 19:56:11,481 INFO Embedding PCA text: 32.0% explained by 12 components
2026-04-13 19:56:11,506 INFO Embedding PCA: added 36 features (72 videos with embeddings / 72 total)
2026-04-13 19:56:11,507 INFO Videos: ['138P93_Z_u0', '39R6j9qkzPo', '3G6JrAq-w4M', '3MncoqWP_qg', '3PBo1GiAlbs', '3WA4YT8fkx8', '4WcGtcKKoWg', '6Ha1lqRKMig', '6_qPAwOsDi0', '8YXWaEo201o', '8__NWVjeyZ8', '9B3N8I4Vidc', 'Db6f982wxPg', 'ECP4p12A5FY', 'EFxlvlchMw8', 'EhAdb6fIEe0', 'Ei6QuJppkb4', 'FZ4waB-THOA', 'Fr4ZqY97Bco', 'GfEdSBXxyHA', 'GthDbmZFW-w', 'IgJxh-fJTBU', 'JXTBwlW02No', 'K5zVqoMMj3Y', 'LH3DvvXTxzc', 'Mc0b511IaVU', 'Nvq6okhPSOw', 'OpuMLYUuP_M', 'P9bVljfAWS8', 'RhVq2oJpsEY', 'RkwsqGM4_DE', 'S_o49-nmh5w', 'U8e1Pd7aBLY', 'VYYzb9KHawI', 'VYsqc9S5b9E', 'W6enyqR-1Jw', 'YoGUM0AsXJI', 'YubjPoEmzgU', 'Z6cbf9WN0c4', 'b5gAWk2QuSU', 'bK-1Mfb93uA', 'dx7dMwMXSAA', 'e21aHqRYPKE', 'eL9OqXpmvOE', 'eLSgNBnpeRg', 'fwHhuHVNR4I', 'gYHHQNT6100', 'gkSAR3jbMjA', 'hnyYg62DY4E', 'iKGmIRAfmCM', 'iP_siVZjbzc', 'ib29EiVnmJM', 'ie3vumn9Je4', 'jPVQgOI33V0', 'jTtvWTti3b0', 'kifrPvJigCU', 'lLoSngvynB8', 'lYAEH2n3I58', 'lgeLlSArJXU', 'mBzEZBF1a_U', 'porv8WwTSgc', 'q607HENWvqY', 'qoqjZR52lOQ', 'rJxhpVu7BhU', 'sujXtr4AVRU', 'szF7osJgt-A', 'vVZDZxRRXDI', 'v_puTGCZjnA', 'wS79wHHkjjw', 'xK0GkyIVzq4', 'xZnMwJQ4mfc', 'yKC5nekLvbs']
2026-04-13 19:56:12,666 INFO Features after filtering: 153
2026-04-13 19:56:12,667 INFO Validation split: first 10 videos from output
2026-04-13 19:56:12,667 INFO Train: ['8__NWVjeyZ8', '9B3N8I4Vidc', 'Db6f982wxPg', 'ECP4p12A5FY', 'EFxlvlchMw8', 'EhAdb6fIEe0', 'Ei6QuJppkb4', 'FZ4waB-THOA', 'Fr4ZqY97Bco', 'GfEdSBXxyHA', 'GthDbmZFW-w', 'IgJxh-fJTBU', 'JXTBwlW02No', 'K5zVqoMMj3Y', 'LH3DvvXTxzc', 'Mc0b511IaVU', 'Nvq6okhPSOw', 'OpuMLYUuP_M', 'P9bVljfAWS8', 'RhVq2oJpsEY', 'RkwsqGM4_DE', 'S_o49-nmh5w', 'U8e1Pd7aBLY', 'VYYzb9KHawI', 'VYsqc9S5b9E', 'W6enyqR-1Jw', 'YoGUM0AsXJI', 'YubjPoEmzgU', 'Z6cbf9WN0c4', 'b5gAWk2QuSU', 'bK-1Mfb93uA', 'dx7dMwMXSAA', 'e21aHqRYPKE', 'eL9OqXpmvOE', 'eLSgNBnpeRg', 'fwHhuHVNR4I', 'gYHHQNT6100', 'gkSAR3jbMjA', 'hnyYg62DY4E', 'iKGmIRAfmCM', 'iP_siVZjbzc', 'ib29EiVnmJM', 'ie3vumn9Je4', 'jPVQgOI33V0', 'jTtvWTti3b0', 'kifrPvJigCU', 'lLoSngvynB8', 'lYAEH2n3I58', 'lgeLlSArJXU', 'mBzEZBF1a_U', 'porv8WwTSgc', 'q607HENWvqY', 'qoqjZR52lOQ', 'rJxhpVu7BhU', 'sujXtr4AVRU', 'szF7osJgt-A', 'vVZDZxRRXDI', 'v_puTGCZjnA', 'wS79wHHkjjw', 'xK0GkyIVzq4', 'xZnMwJQ4mfc', 'yKC5nekLvbs'], Val: ['138P93_Z_u0', '39R6j9qkzPo', '3G6JrAq-w4M', '3MncoqWP_qg', '3PBo1GiAlbs', '3WA4YT8fkx8', '4WcGtcKKoWg', '6Ha1lqRKMig', '6_qPAwOsDi0', '8YXWaEo201o']
2026-04-13 19:56:12,975 INFO Video weights: min=0.250  max=1.258  mean=1.012
2026-04-13 19:56:13,412 INFO Train windows: 62, Val windows: 10
2026-04-13 19:56:13,554 INFO Model params: 5586443 (5586.4K)
2026-04-13 19:56:23,421 INFO Saved experiments/lstm_exp/v1_baseline/training_curve.png
2026-04-13 19:56:23,431 INFO 138P93_Z_u0 [val]  RMSE=8.2875  MAE=7.5290  spearman=0.942
2026-04-13 19:56:23,551 INFO 39R6j9qkzPo [val]  RMSE=10.2123  MAE=9.9803  spearman=0.983
2026-04-13 19:56:23,670 INFO 3G6JrAq-w4M [val]  RMSE=12.0460  MAE=11.3463  spearman=0.972
2026-04-13 19:56:23,791 INFO 3MncoqWP_qg [val]  RMSE=3.5134  MAE=2.9897  spearman=0.945
2026-04-13 19:56:23,913 INFO 3PBo1GiAlbs [val]  RMSE=5.2491  MAE=4.2904  spearman=0.827
2026-04-13 19:56:24,034 INFO 3WA4YT8fkx8 [val]  RMSE=2.7471  MAE=2.1352  spearman=0.987
2026-04-13 19:56:24,156 INFO 4WcGtcKKoWg [val]  RMSE=5.0630  MAE=4.4675  spearman=0.974
2026-04-13 19:56:24,273 INFO 6Ha1lqRKMig [val]  RMSE=9.8170  MAE=8.7234  spearman=0.915
2026-04-13 19:56:24,396 INFO 6_qPAwOsDi0 [val]  RMSE=6.8637  MAE=6.1061  spearman=0.942
2026-04-13 19:56:24,516 INFO 8YXWaEo201o [val]  RMSE=2.4980  MAE=1.7995  spearman=0.984
2026-04-13 19:56:24,638 INFO 8__NWVjeyZ8 [train]  RMSE=4.6963  MAE=3.3001  spearman=0.947
2026-04-13 19:56:24,759 INFO 9B3N8I4Vidc [train]  RMSE=3.3060  MAE=2.1584  spearman=0.968
2026-04-13 19:56:24,879 INFO Db6f982wxPg [train]  RMSE=1.8226  MAE=1.4574  spearman=0.998
2026-04-13 19:56:25,001 INFO ECP4p12A5FY [train]  RMSE=3.7355  MAE=2.1096  spearman=0.879
2026-04-13 19:56:25,247 INFO EFxlvlchMw8 [train]  RMSE=3.5367  MAE=2.3367  spearman=0.951
2026-04-13 19:56:25,