ROOT_DIR=/home/kolya/ilya/seenx-ml
DEVICE=cuda  VAL_N=10  EPOCHS=1000  BATCH_SIZE=16  PATIENCE=50  CURVE_POINTS=0  TIME_FEATURES=none  MIN_DURATION_SEC=540  MAX_DURATION_SEC=1620
HEAVY: d_model=512 batch=16 lstm_layers=4 trf_layers=6 d_ff=1024
LOG_ROOT=experiments/_logs
RUN_LOG_DIR=experiments/_logs/run_20260413_194948
MASTER_LOG=experiments/_logs/run_20260413_194948/all.log
============================================================
[PRE] Optuna (8 trials/arch, 150 epochs/trial) -> tune_hp/results + root/*.json
2026-04-13 19:49:50,639 INFO Loading data for multimodal_transformer tuning...
2026-04-13 19:49:50,658 INFO Loaded 138P93_Z_u0: 101 rows, 172 cols (output+llm)
2026-04-13 19:49:50,677 INFO Loaded 1J5zlq2Vs3Y: 101 rows, 172 cols (output+llm)
2026-04-13 19:49:50,690 INFO Loaded 39R6j9qkzPo: 101 rows, 172 cols (output+llm)
2026-04-13 19:49:50,702 INFO Loaded 3G6JrAq-w4M: 101 rows, 170 cols (output+llm)
2026-04-13 19:49:50,714 INFO Loaded 3MncoqWP_qg: 101 rows, 172 cols (output+llm)
2026-04-13 19:49:50,729 INFO Loaded 3PBo1GiAlbs: 101 rows, 172 cols (output+llm)
2026-04-13 19:49:50,740 INFO Loaded 3WA4YT8fkx8: 101 rows, 172 cols (output+llm)
2026-04-13 19:49:50,752 INFO Loaded 4WcGtcKKoWg: 101 rows, 172 cols (output+llm)
2026-04-13 19:49:50,765 INFO Loaded 6Ha1lqRKMig: 101 rows, 172 cols (output+llm)
2026-04-13 19:49:50,778 INFO Loaded 6_qPAwOsDi0: 101 rows, 172 cols (output+llm)
2026-04-13 19:49:50,797 INFO Loaded 7g_56jn0NCA: 101 rows, 172 cols (output+llm)
2026-04-13 19:49:50,811 INFO Loaded 8YXWaEo201o: 101 rows, 172 cols (output+llm)
2026-04-13 19:49:50,828 INFO Loaded 8__NWVjeyZ8: 101 rows, 172 cols (output+llm)
2026-04-13 19:49:50,840 INFO Loaded 9B3N8I4Vidc: 101 rows, 172 cols (output+llm)
2026-04-13 19:49:50,857 INFO Loaded BZEZxzRJ-L4: 101 rows, 172 cols (output+llm)
2026-04-13 19:49:50,868 INFO Loaded Db6f982wxPg: 101 rows, 172 cols (output+llm)
2026-04-13 19:49:50,886 INFO Loaded DhFuAhFMvms: 101 rows, 172 cols (output+llm)
2026-04-13 19:49:50,895 INFO Loaded DrS6_CT0XrU: 101 rows, 172 cols (output+llm)
2026-04-13 19:49:50,911 INFO Loaded ECP4p12A5FY: 101 rows, 172 cols (output+llm)
2026-04-13 19:49:50,926 INFO Loaded EFxlvlchMw8: 101 rows, 172 cols (output+llm)
2026-04-13 19:49:50,940 INFO Loaded EhAdb6fIEe0: 101 rows, 172 cols (output+llm)
2026-04-13 19:49:50,952 INFO Loaded Ei6QuJppkb4: 101 rows, 172 cols (output+llm)
2026-04-13 19:49:50,961 INFO Loaded FYbEJ3oRgFk: 100 rows, 172 cols (output+llm)
2026-04-13 19:49:50,978 INFO Loaded FZ4waB-THOA: 101 rows, 172 cols (output+llm)
2026-04-13 19:49:50,992 INFO Loaded Fr4ZqY97Bco: 101 rows, 167 cols (output+llm)
2026-04-13 19:49:51,007 INFO Loaded GfEdSBXxyHA: 101 rows, 126 cols (output+llm)
2026-04-13 19:49:51,021 INFO Loaded GthDbmZFW-w: 101 rows, 128 cols (output+llm)
2026-04-13 19:49:51,034 INFO Loaded IgJxh-fJTBU: 101 rows, 164 cols (output+llm)
2026-04-13 19:49:51,045 INFO Loaded JXTBwlW02No: 101 rows, 164 cols (output+llm)
2026-04-13 19:49:51,058 INFO Loaded K5zVqoMMj3Y: 101 rows, 166 cols (output+llm)
2026-04-13 19:49:51,069 INFO Loaded LH3DvvXTxzc: 101 rows, 164 cols (output+llm)
2026-04-13 19:49:51,082 INFO Loaded Mc0b511IaVU: 101 rows, 164 cols (output+llm)
2026-04-13 19:49:51,090 INFO Loaded NE38Pn3CYRc: 100 rows, 164 cols (output+llm)
2026-04-13 19:49:51,105 INFO Loaded Nvq6okhPSOw: 101 rows, 164 cols (output+llm)
2026-04-13 19:49:51,116 INFO Loaded OpuMLYUuP_M: 101 rows, 164 cols (output+llm)
2026-04-13 19:49:51,127 INFO Loaded P9bVljfAWS8: 101 rows, 164 cols (output+llm)
2026-04-13 19:49:51,145 INFO Loaded Q1ZmiQVX9cY: 101 rows, 164 cols (output+llm)
2026-04-13 19:49:51,160 INFO Loaded RhVq2oJpsEY: 101 rows, 164 cols (output+llm)
2026-04-13 19:49:51,169 INFO Loaded RkwsqGM4_DE: 101 rows, 136 cols (output+llm)
2026-04-13 19:49:51,178 INFO Loaded S_o49-nmh5w: 101 rows, 136 cols (output+llm)
2026-04-13 19:49:51,194 INFO Loaded Sf95qeC7BUs: 101 rows, 136 cols (output+llm)
2026-04-13 19:49:51,204 INFO Loaded U8e1Pd7aBLY: 101 rows, 138 cols (output+llm)
2026-04-13 19:49:51,213 INFO Loaded VYYzb9KHawI: 101 rows, 136 cols (output+llm)
2026-04-13 19:49:51,224 INFO Loaded VYsqc9S5b9E: 101 rows, 136 cols (output+llm)
2026-04-13 19:49:51,236 INFO Loaded W6enyqR-1Jw: 101 rows, 136 cols (output+llm)
2026-04-13 19:49:51,247 INFO Loaded YoGUM0AsXJI: 101 rows, 136 cols (output+llm)
2026-04-13 19:49:51,259 INFO Loaded YubjPoEmzgU: 101 rows, 136 cols (output+llm)
2026-04-13 19:49:51,270 INFO Loaded Z6cbf9WN0c4: 101 rows, 136 cols (output+llm)
2026-04-13 19:49:51,281 INFO Loaded b5gAWk2QuSU: 101 rows, 138 cols (output+llm)
2026-04-13 19:49:51,291 INFO Loaded bK-1Mfb93uA: 101 rows, 138 cols (output+llm)
2026-04-13 19:49:51,305 INFO Loaded dx7dMwMXSAA: 101 rows, 138 cols (output+llm)
2026-04-13 19:49:51,316 INFO Loaded e21aHqRYPKE: 101 rows, 134 cols (output+llm)
2026-04-13 19:49:51,326 INFO Loaded eL9OqXpmvOE: 101 rows, 134 cols (output+llm)
2026-04-13 19:49:51,338 INFO Loaded eLSgNBnpeRg: 101 rows, 134 cols (output+llm)
2026-04-13 19:49:51,349 INFO Loaded fwHhuHVNR4I: 101 rows, 134 cols (output+llm)
2026-04-13 19:49:51,362 INFO Loaded gYHHQNT6100: 101 rows, 132 cols (output+llm)
2026-04-13 19:49:51,372 INFO Loaded gkSAR3jbMjA: 101 rows, 96 cols (output+llm)
2026-04-13 19:49:51,382 INFO Loaded hnyYg62DY4E: 101 rows, 96 cols (output+llm)
2026-04-13 19:49:51,392 INFO Loaded iKGmIRAfmCM: 101 rows, 134 cols (output+llm)
2026-04-13 19:49:51,403 INFO Loaded iP_siVZjbzc: 101 rows, 134 cols (output+llm)
2026-04-13 19:49:51,417 INFO Loaded ib29EiVnmJM: 101 rows, 134 cols (output+llm)
2026-04-13 19:49:51,427 INFO Loaded ie3vumn9Je4: 101 rows, 134 cols (output+llm)
2026-04-13 19:49:51,438 INFO Loaded jPVQgOI33V0: 101 rows, 134 cols (output+llm)
2026-04-13 19:49:51,451 INFO Loaded jTtvWTti3b0: 101 rows, 132 cols (output+llm)
2026-04-13 19:49:51,460 INFO Loaded kifrPvJigCU: 101 rows, 132 cols (output+llm)
2026-04-13 19:49:51,472 INFO Loaded lLoSngvynB8: 101 rows, 132 cols (output+llm)
2026-04-13 19:49:51,486 INFO Loaded lYAEH2n3I58: 101 rows, 132 cols (output+llm)
2026-04-13 19:49:51,498 INFO Loaded lgeLlSArJXU: 101 rows, 132 cols (output+llm)
2026-04-13 19:49:51,510 INFO Loaded mBzEZBF1a_U: 101 rows, 132 cols (output+llm)
2026-04-13 19:49:51,518 INFO Loaded mM6sYTdPZ-0: 100 rows, 132 cols (output+llm)
2026-04-13 19:49:51,532 INFO Loaded pfacUo-6wNs: 101 rows, 125 cols (output+llm)
2026-04-13 19:49:51,542 INFO Loaded porv8WwTSgc: 101 rows, 125 cols (output+llm)
2026-04-13 19:49:51,555 INFO Loaded q607HENWvqY: 101 rows, 125 cols (output+llm)
2026-04-13 19:49:51,568 INFO Loaded qoqjZR52lOQ: 101 rows, 125 cols (output+llm)
2026-04-13 19:49:51,580 INFO Loaded rJxhpVu7BhU: 101 rows, 125 cols (output+llm)
2026-04-13 19:49:51,592 INFO Loaded sujXtr4AVRU: 101 rows, 125 cols (output+llm)
2026-04-13 19:49:51,600 INFO Loaded szF7osJgt-A: 101 rows, 125 cols (output+llm)
2026-04-13 19:49:51,612 INFO Loaded vVZDZxRRXDI: 101 rows, 125 cols (output+llm)
2026-04-13 19:49:51,625 INFO Loaded v_puTGCZjnA: 101 rows, 125 cols (output+llm)
2026-04-13 19:49:51,633 INFO Loaded vopiJ3KKT-k: 100 rows, 125 cols (output+llm)
2026-04-13 19:49:51,732 INFO Loaded wS79wHHkjjw: 101 rows, 125 cols (output+llm)
2026-04-13 19:49:51,738 INFO Loaded wWtq4RlbRos: 101 rows, 125 cols (output+llm)
2026-04-13 19:49:51,752 INFO Loaded xK0GkyIVzq4: 101 rows, 125 cols (output+llm)
2026-04-13 19:49:51,763 INFO Loaded xZnMwJQ4mfc: 101 rows, 125 cols (output+llm)
2026-04-13 19:49:51,776 INFO Loaded yKC5nekLvbs: 101 rows, 125 cols (output+llm)
2026-04-13 19:49:51,791 INFO Loaded yXaJpj7Bb9w: 101 rows, 125 cols (output+llm)
2026-04-13 19:49:51,805 INFO Loaded yv4o4Epz1eM: 101 rows, 125 cols (output+llm)
2026-04-13 19:49:51,806 INFO Total videos loaded: 87 (87 output, 0 snapshot-only)
2026-04-13 19:49:51,841 INFO Added per-video features: duration_sec, log1p_view_count, mean_retention_prior, early_retention_drop_30s
2026-04-13 19:49:52,948 INFO Loaded aligned embeddings for 87 / 87 videos
2026-04-13 19:49:52,949 INFO Train: 77 videos, Val: 10 videos
[I 2026-04-13 19:49:53,086] Using an existing study with name 'tune_multimodal_transformer' instead of creating a new one.
2026-04-13 19:49:53,089 INFO Starting Optuna study: tune_multimodal_transformer (8 trials)
  self.encoder = nn.TransformerEncoder(encoder_layer, num_layers=n_layers)
  self.encoder = nn.TransformerEncoder(encoder_layer, num_layers=n_layers)
  self.encoder = nn.TransformerEncoder(encoder_layer, num_layers=n_layers)
  self.encoder = nn.TransformerEncoder(encoder_layer, num_layers=n_layers)
  self.encoder = nn.TransformerEncoder(encoder_layer, num_layers=n_layers)
  self.encoder = nn.TransformerEncoder(encoder_layer, num_layers=n_layers)
  self.encoder = nn.TransformerEncoder(encoder_layer, num_layers=n_layers)
  self.encoder = nn.TransformerEncoder(encoder_layer, num_layers=n_layers)
2026-04-13 19:50:46,569 INFO Best params (val_loss=0.0165):
2026-04-13 19:50:46,569 INFO   ad_penalty: 1.1898942468154372
2026-04-13 19:50:46,569 INFO   alpha_corr: 0.1004569426852991
2026-04-13 19:50:46,569 INFO   alpha_delta: 0.23580161541418493
2026-04-13 19:50:46,569 INFO   alpha_mono: 0.05455251823124888
2026-04-13 19:50:46,569 INFO   alpha_smooth: 0.12935565652353095
2026-04-13 19:50:46,569 INFO   batch_size: 8
2026-04-13 19:50:46,569 INFO   d_ff: 512
2026-04-13 19:50:46,569 INFO   d_model: 128
2026-04-13 19:50:46,569 INFO   dropout: 0.1115797102094261
2026-04-13 19:50:46,569 INFO   feature_mask_prob: 0.1751058219172617
2026-04-13 19:50:46,569 INFO   lr: 0.000833933186646973
2026-04-13 19:50:46,569 INFO   max_nan_pct: 0.5341852067461476
2026-04-13 19:50:46,569 INFO   min_nonzero_pct: 0.0019075300305137417
2026-04-13 19:50:46,569 INFO   n_heads: 4
2026-04-13 19:50:46,569 INFO   n_layers: 5
2026-04-13 19:50:46,569 INFO   noise_std: 0.001318404220290375
2026-04-13 19:50:46,569 INFO   redundant_corr_threshold: 0.8031319310726015
2026-04-13 19:50:46,569 INFO   start_boost_factor: 1.2922516752733169
2026-04-13 19:50:46,569 INFO   start_boost_secs: 24
2026-04-13 19:50:46,569 INFO   top_k_features: 100
2026-04-13 19:50:46,569 INFO   weight_decay: 0.006465894043049167
2026-04-13 19:50:46,569 INFO   window_size: 128
2026-04-13 19:50:47,789 INFO Results saved to /home/kolya/ilya/seenx-ml/tune_hp/results/tune_multimodal_transformer_best.json
[I 2026-04-13 19:49:59,294] Trial 160 finished with value: 0.07346555516123772 and parameters: {'redundant_corr_threshold': 0.7910962002252293, 'max_nan_pct': 0.5556017572285322, 'min_nonzero_pct': 0.0017497683790795673, 'top_k_features': 100, 'd_model': 128, 'n_heads': 2, 'n_layers': 5, 'd_ff': 512, 'dropout': 0.10627532451376928, 'lr': 0.0010129994502473595, 'weight_decay': 0.008452719496811062, 'alpha_corr': 0.11027649374064297, 'alpha_smooth': 0.12790951111559362, 'alpha_delta': 0.2584209009514775, 'alpha_mono': 0.0619079109439846, 'ad_penalty': 12.469818378332024, 'spike_penalty_weight': 21.118771391191228, 'start_boost_secs': 9, 'start_boost_factor': 1.1994685912364749, 'window_size': 128, 'batch_size': 8, 'feature_mask_prob': 0.17841517958554745, 'noise_std': 0.0033225278055680697}. Best is trial 143 with value: 0.01647637356072664.
[I 2026-04-13 19:50:06,249] Trial 161 finished with value: 0.06540593951940536 and parameters: {'redundant_corr_threshold': 0.8286437654420822, 'max_nan_pct': 0.5729854044342305, 'min_nonzero_pct': 0.001095537413406151, 'top_k_features': 0, 'd_model': 128, 'n_heads': 8, 'n_layers': 4, 'd_ff': 128, 'dropout': 0.10020496206705373, 'lr': 0.0011215094958976373, 'weight_decay': 0.0070515556370738626, 'alpha_corr': 0.11910611832351703, 'alpha_smooth': 0.4427523040644672, 'alpha_delta': 0.33537108958268746, 'alpha_mono': 0.05739861581048798, 'ad_penalty': 1.994385447225949, 'spike_penalty_weight': 11.568723739100149, 'start_boost_secs': 23, 'start_boost_factor': 1.4448550425778248, 'window_size': 128, 'batch_size': 8, 'feature_mask_prob': 0.18351352074294366, 'noise_std': 0.048385048961784444}. Best is trial 143 with value: 0.01647637356072664.
[I 2026-04-13 19:50:13,216] Trial 162 finished with value: 0.06437658742070199 and parameters: {'redundant_corr_threshold': 0.9384387782421968, 'max_nan_pct': 0.5348690167739706, 'min_nonzero_pct': 0.011818485471096232, 'top_k_features': 100, 'd_model': 128, 'n_heads': 4, 'n_layers': 3, 'd_ff': 512, 'dropout': 0.1205214876281439, 'lr': 0.0006971219838181409, 'weight_decay': 0.00477615639126551, 'alpha_corr': 0.15230745816045976, 'alpha_smooth': 0.10040702430522078, 'alpha_delta': 0.20197682221810445, 'alpha_mono': 0.05311164270198096, 'ad_penalty': 5.36121912980629, 'spike_penalty_weight': 15.085158519141066, 'start_boost_secs': 24, 'start_boost_factor': 1.297765417615822, 'window_size': 128, 'batch_size': 8, 'feature_mask_prob': 0.1878292113213781, 'noise_std': 0.005967339200518028}. Best is trial 143 with value: 0.01647637356072664.
[I 2026-04-13 19:50:20,876] Trial 163 finished with value: 0.06855054646730423 and parameters: {'redundant_corr_threshold': 0.8026164631307902, 'max_nan_pct': 0.16888430516174766, 'min_nonzero_pct': 0.0015775619234604148, 'top_k_features': 140, 'd_model': 128, 'n_heads': 8, 'n_layers': 6, 'd_ff': 256, 'dropout': 0.11477049789890706, 'lr': 0.0012686181103786403, 'weight_decay': 0.006245488044317815, 'alpha_corr': 0.10816091308458067, 'alpha_smooth': 0.5216820907274471, 'alpha_delta': 0.23597369407126131, 'alpha_mono': 0.07539439801571991, 'ad_penalty': 1.6741495379353637, 'spike_penalty_weight': 22.330579353229645, 'start_boost_secs': 15, 'start_boost_factor': 1.5629448701878856, 'window_size': 128, 'batch_size': 8, 'feature_mask_prob': 0.1742118025850659, 'noise_std': 0.015389392869053421}. Best is trial 143 with value: 0.01647637356072664.
[I 2026-04-13 19:50:27,590] Trial 164 finished with value: 0.04423727244138718 and parameters: {'redundant_corr_threshold': 0.9320365520322029, 'max_nan_pct': 0.5863622592224874, 'min_nonzero_pct': 0.0012480506807828595, 'top_k_features': 100, 'd_model': 128, 'n_heads': 8, 'n_layers': 4, 'd_ff': 256, 'dropout': 0.13132018103058019, 'lr': 0.0008270509793060608, 'weight_decay': 0.004212993434638967, 'alpha_corr': 0.10004845149185, 'alpha_smooth': 0.1490909327444438, 'alpha_delta': 0.11778422790838063, 'alpha_mono': 0.05932219373767647, 'ad_penalty': 2.140873987560375, 'spike_penalty_weight': 5.66261465396553, 'start_boost_secs': 26, 'start_boost_factor': 2.306474970051925, 'window_size': 128, 'batch_size': 8, 'feature_mask_prob': 0.16540831765188382, 'noise_std': 0.02894266684008319}. Best is trial 143 with value: 0.01647637356072664.
[I 2026-04-13 19:50:32,428] Trial 165 finished with value: 0.04214472696185112 and parameters: {'redundant_corr_threshold': 0.948441643944968, 'max_nan_pct': 0.56382104025994, 'min_nonzero_pct': 0.0012111486538510657, 'top_k_features': 40, 'd_model': 128, 'n_heads': 8, 'n_layers': 2, 'd_ff': 256, 'dropout': 0.1734618915201403, 'lr': 0.0015464187134995137, 'weight_decay': 0.006945949857497539, 'alpha_corr': 0.11319472530056957, 'alpha_smooth': 0.12764030146574015, 'alpha_delta': 0.15609781074088291, 'alpha_mono': 0.04806353328204891, 'ad_penalty': 1.4323362827668613, 'spike_penalty_weight': 10.387083968612377, 'start_boost_secs': 7, 'start_boost_factor': 1.0545160806680733, 'window_size': 128, 'batch_size': 8, 'feature_mask_prob': 0.16721652020420147, 'noise_std': 0.00020185336382580704}. Best is trial 143 with value: 0.01647637356072664.
[I 2026-04-13 19:50:39,468] Trial 166 finished with value: 0.05775998532772064 and parameters: {'redundant_corr_threshold': 0.9435342839765926, 'max_nan_pct': 0.5785720380431755, 'min_nonzero_pct': 0.0010004674530268425, 'top_k_features': 40, 'd_model': 128, 'n_heads': 8, 'n_layers': 3, 'd_ff': 256, 'dropout': 0.17944144545589974, 'lr': 0.00087457050974805, 'weight_decay': 0.007775459245387449, 'alpha_corr': 0.22528631308997207, 'alpha_smooth': 0.13816585217013594, 'alpha_delta': 0.3690099564956497, 'alpha_mono': 0.04412968614259209, 'ad_penalty': 2.1769656757208824, 'spike_penalty_weight': 17.175533786820218, 'start_boost_secs': 9, 'start_boost_factor': 1.1444263854523118, 'window_size': 128, 'batch_size': 8, 'feature_mask_prob': 0.16206428921016128, 'noise_std': 0.0427720642851598}. Best is trial 143 with value: 0.01647637356072664.
