[I 2026-04-13 19:53:34,973] Trial 15 finished with value: 0.036432940512895584 and parameters: {'redundant_corr_threshold': 0.8517308819744607, 'max_nan_pct': 0.5037755229429156, 'min_nonzero_pct': 0.0078031319915445995, 'top_k_features': 140, 'd_model': 192, 'n_heads': 4, 'n_layers': 5, 'd_ff': 128, 'dropout': 0.16567680524985265, 'lr': 0.0008791076592651895, 'weight_decay': 0.0007314175293008386, 'alpha_corr': 0.160030463455336, 'alpha_smooth': 0.1097575172582266, 'alpha_delta': 0.3943377114069815, 'alpha_mono': 0.04645907353135058, 'ad_penalty': 5.936373861047435, 'spike_penalty_weight': 11.523572216385102, 'start_boost_secs': 16, 'start_boost_factor': 1.8094056536242393, 'window_size': 64, 'batch_size': 32, 'feature_mask_prob': 0.001843818465952607, 'noise_std': 0.03077301050718557}. Best is trial 11 with value: 0.020556688060363135.
============================================================
  Best val loss: 0.0206
  Best params:
    ad_penalty: 1.6536942169345994
    alpha_corr: 0.1499635375690459
    alpha_delta: 0.30042443686140197
    alpha_mono: 0.03532076311756713
    alpha_smooth: 0.5993310393599453
    batch_size: 8
    d_ff: 128
    d_model: 192
    dropout: 0.10135475401167546
    feature_mask_prob: 0.1889687958491393
    lr: 0.001041414579534063
    max_nan_pct: 0.4655231679271919
    min_nonzero_pct: 0.00639428591426932
    n_heads: 4
    n_layers: 4
    noise_std: 0.048427283349600544
    redundant_corr_threshold: 0.885363611619123
    spike_penalty_weight: 8.287137055882313
    start_boost_factor: 1.5845013078126837
    start_boost_secs: 21
    top_k_features: 140
    weight_decay: 0.001562113511905567
    window_size: 64
  Results: /home/kolya/ilya/seenx-ml/tune_hp/results/tune_transformer_best.json
============================================================
[OK] copied tune_transformer_best.json -> repo root
2026-04-13 19:53:39,113 INFO Loading data for lstm tuning...
2026-04-13 19:53:39,132 INFO Loaded 138P93_Z_u0: 101 rows, 172 cols (output+llm)
2026-04-13 19:53:39,151 INFO Loaded 1J5zlq2Vs3Y: 101 rows, 172 cols (output+llm)
2026-04-13 19:53:39,164 INFO Loaded 39R6j9qkzPo: 101 rows, 172 cols (output+llm)
2026-04-13 19:53:39,176 INFO Loaded 3G6JrAq-w4M: 101 rows, 170 cols (output+llm)
2026-04-13 19:53:39,189 INFO Loaded 3MncoqWP_qg: 101 rows, 172 cols (output+llm)
2026-04-13 19:53:39,203 INFO Loaded 3PBo1GiAlbs: 101 rows, 172 cols (output+llm)
2026-04-13 19:53:39,215 INFO Loaded 3WA4YT8fkx8: 101 rows, 172 cols (output+llm)
2026-04-13 19:53:39,226 INFO Loaded 4WcGtcKKoWg: 101 rows, 172 cols (output+llm)
2026-04-13 19:53:39,239 INFO Loaded 6Ha1lqRKMig: 101 rows, 172 cols (output+llm)
2026-04-13 19:53:39,253 INFO Loaded 6_qPAwOsDi0: 101 rows, 172 cols (output+llm)
2026-04-13 19:53:39,271 INFO Loaded 7g_56jn0NCA: 101 rows, 172 cols (output+llm)
2026-04-13 19:53:39,285 INFO Loaded 8YXWaEo201o: 101 rows, 172 cols (output+llm)
2026-04-13 19:53:39,303 INFO Loaded 8__NWVjeyZ8: 101 rows, 172 cols (output+llm)
2026-04-13 19:53:39,314 INFO Loaded 9B3N8I4Vidc: 101 rows, 172 cols (output+llm)
2026-04-13 19:53:39,331 INFO Loaded BZEZxzRJ-L4: 101 rows, 172 cols (output+llm)
2026-04-13 19:53:39,343 INFO Loaded Db6f982wxPg: 101 rows, 172 cols (output+llm)
2026-04-13 19:53:39,360 INFO Loaded DhFuAhFMvms: 101 rows, 172 cols (output+llm)
2026-04-13 19:53:39,370 INFO Loaded DrS6_CT0XrU: 101 rows, 172 cols (output+llm)
2026-04-13 19:53:39,386 INFO Loaded ECP4p12A5FY: 101 rows, 172 cols (output+llm)
2026-04-13 19:53:39,401 INFO Loaded EFxlvlchMw8: 101 rows, 172 cols (output+llm)
2026-04-13 19:53:39,415 INFO Loaded EhAdb6fIEe0: 101 rows, 172 cols (output+llm)
2026-04-13 19:53:39,427 INFO Loaded Ei6QuJppkb4: 101 rows, 172 cols (output+llm)
2026-04-13 19:53:39,436 INFO Loaded FYbEJ3oRgFk: 100 rows, 172 cols (output+llm)
2026-04-13 19:53:39,452 INFO Loaded FZ4waB-THOA: 101 rows, 172 cols (output+llm)
2026-04-13 19:53:39,467 INFO Loaded Fr4ZqY97Bco: 101 rows, 167 cols (output+llm)
2026-04-13 19:53:39,481 INFO Loaded GfEdSBXxyHA: 101 rows, 126 cols (output+llm)
2026-04-13 19:53:39,496 INFO Loaded GthDbmZFW-w: 101 rows, 128 cols (output+llm)
2026-04-13 19:53:39,509 INFO Loaded IgJxh-fJTBU: 101 rows, 164 cols (output+llm)
2026-04-13 19:53:39,519 INFO Loaded JXTBwlW02No: 101 rows, 164 cols (output+llm)
2026-04-13 19:53:39,532 INFO Loaded K5zVqoMMj3Y: 101 rows, 166 cols (output+llm)
2026-04-13 19:53:39,544 INFO Loaded LH3DvvXTxzc: 101 rows, 164 cols (output+llm)
2026-04-13 19:53:39,556 INFO Loaded Mc0b511IaVU: 101 rows, 164 cols (output+llm)
2026-04-13 19:53:39,565 INFO Loaded NE38Pn3CYRc: 100 rows, 164 cols (output+llm)
2026-04-13 19:53:39,581 INFO Loaded Nvq6okhPSOw: 101 rows, 164 cols (output+llm)
2026-04-13 19:53:39,591 INFO Loaded OpuMLYUuP_M: 101 rows, 164 cols (output+llm)
2026-04-13 19:53:39,602 INFO Loaded P9bVljfAWS8: 101 rows, 164 cols (output+llm)
2026-04-13 19:53:39,620 INFO Loaded Q1ZmiQVX9cY: 101 rows, 164 cols (output+llm)
2026-04-13 19:53:39,635 INFO Loaded RhVq2oJpsEY: 101 rows, 164 cols (output+llm)
2026-04-13 19:53:39,734 INFO Loaded RkwsqGM4_DE: 101 rows, 136 cols (output+llm)
2026-04-13 19:53:39,744 INFO Loaded S_o49-nmh5w: 101 rows, 136 cols (output+llm)
2026-04-13 19:53:39,761 INFO Loaded Sf95qeC7BUs: 101 rows, 136 cols (output+llm)
2026-04-13 19:53:39,772 INFO Loaded U8e1Pd7aBLY: 101 rows, 138 cols (output+llm)
2026-04-13 19:53:39,781 INFO Loaded VYYzb9KHawI: 101 rows, 136 cols (output+llm)
2026-04-13 19:53:39,792 INFO Loaded VYsqc9S5b9E: 101 rows, 136 cols (output+llm)
2026-04-13 19:53:39,805 INFO Loaded W6enyqR-1Jw: 101 rows, 136 cols (output+llm)
2026-04-13 19:53:39,815 INFO Loaded YoGUM0AsXJI: 101 rows, 136 cols (output+llm)
2026-04-13 19:53:39,827 INFO Loaded YubjPoEmzgU: 101 rows, 136 cols (output+llm)
2026-04-13 19:53:39,839 INFO Loaded Z6cbf9WN0c4: 101 rows, 136 cols (output+llm)
2026-04-13 19:53:39,850 INFO Loaded b5gAWk2QuSU: 101 rows, 138 cols (output+llm)
2026-04-13 19:53:39,860 INFO Loaded bK-1Mfb93uA: 101 rows, 138 cols (output+llm)
2026-04-13 19:53:39,874 INFO Loaded dx7dMwMXSAA: 101 rows, 138 cols (output+llm)
2026-04-13 19:53:39,886 INFO Loaded e21aHqRYPKE: 101 rows, 134 cols (output+llm)
2026-04-13 19:53:39,895 INFO Loaded eL9OqXpmvOE: 101 rows, 134 cols (output+llm)
2026-04-13 19:53:39,908 INFO Loaded eLSgNBnpeRg: 101 rows, 134 cols (output+llm)
2026-04-13 19:53:39,919 INFO Loaded fwHhuHVNR4I: 101 rows, 134 cols (output+llm)
2026-04-13 19:53:39,931 INFO Loaded gYHHQNT6100: 101 rows, 132 cols (output+llm)
2026-04-13 19:53:39,941 INFO Loaded gkSAR3jbMjA: 101 rows, 96 cols (output+llm)
2026-04-13 19:53:39,952 INFO Loaded hnyYg62DY4E: 101 rows, 96 cols (output+llm)
2026-04-13 19:53:39,961 INFO Loaded iKGmIRAfmCM: 101 rows, 134 cols (output+llm)
2026-04-13 19:53:39,973 INFO Loaded iP_siVZjbzc: 101 rows, 134 cols (output+llm)
2026-04-13 19:53:39,986 INFO Loaded ib29EiVnmJM: 101 rows, 134 cols (output+llm)
2026-04-13 19:53:39,996 INFO Loaded ie3vumn9Je4: 101 rows, 134 cols (output+llm)
2026-04-13 19:53:40,008 INFO Loaded jPVQgOI33V0: 101 rows, 134 cols (output+llm)
2026-04-13 19:53:40,022 INFO Loaded jTtvWTti3b0: 101 rows, 132 cols (output+llm)
2026-04-13 19:53:40,031 INFO Loaded kifrPvJigCU: 101 rows, 132 cols (output+llm)
2026-04-13 19:53:40,043 INFO Loaded lLoSngvynB8: 101 rows, 132 cols (output+llm)
2026-04-13 19:53:40,056 INFO Loaded lYAEH2n3I58: 101 rows, 132 cols (output+llm)
2026-04-13 19:53:40,068 INFO Loaded lgeLlSArJXU: 101 rows, 132 cols (output+llm)
2026-04-13 19:53:40,080 INFO Loaded mBzEZBF1a_U: 101 rows, 132 cols (output+llm)
2026-04-13 19:53:40,087 INFO Loaded mM6sYTdPZ-0: 100 rows, 132 cols (output+llm)
2026-04-13 19:53:40,102 INFO Loaded pfacUo-6wNs: 101 rows, 125 cols (output+llm)
2026-04-13 19:53:40,112 INFO Loaded porv8WwTSgc: 101 rows, 125 cols (output+llm)
2026-04-13 19:53:40,124 INFO Loaded q607HENWvqY: 101 rows, 125 cols (output+llm)
2026-04-13 19:53:40,137 INFO Loaded qoqjZR52lOQ: 101 rows, 125 cols (output+llm)
2026-04-13 19:53:40,148 INFO Loaded rJxhpVu7BhU: 101 rows, 125 cols (output+llm)
2026-04-13 19:53:40,160 INFO Loaded sujXtr4AVRU: 101 rows, 125 cols (output+llm)
2026-04-13 19:53:40,169 INFO Loaded szF7osJgt-A: 101 rows, 125 cols (output+llm)
2026-04-13 19:53:40,181 INFO Loaded vVZDZxRRXDI: 101 rows, 125 cols (output+llm)
2026-04-13 19:53:40,194 INFO Loaded v_puTGCZjnA: 101 rows, 125 cols (output+llm)
2026-04-13 19:53:40,202 INFO Loaded vopiJ3KKT-k: 100 rows, 125 cols (output+llm)
2026-04-13 19:53:40,210 INFO Loaded wS79wHHkjjw: 101 rows, 125 cols (output+llm)
2026-04-13 19:53:40,216 INFO Loaded wWtq4RlbRos: 101 rows, 125 cols (output+llm)
2026-04-13 19:53:40,229 INFO Loaded xK0GkyIVzq4: 101 rows, 125 cols (output+llm)
2026-04-13 19:53:40,240 INFO Loaded xZnMwJQ4mfc: 101 rows, 125 cols (output+llm)
2026-04-13 19:53:40,253 INFO Loaded yKC5nekLvbs: 101 rows, 125 cols (output+llm)
2026-04-13 19:53:40,269 INFO Loaded yXaJpj7Bb9w: 101 rows, 125 cols (output+llm)
2026-04-13 19:53:40,283 INFO Loaded yv4o4Epz1eM: 101 rows, 125 cols (output+llm)
2026-04-13 19:53:40,283 INFO Total videos loaded: 87 (87 output, 0 snapshot-only)
2026-04-13 19:53:40,318 INFO Added per-video features: duration_sec, log1p_view_count, mean_retention_prior, early_retention_drop_30s
2026-04-13 19:53:41,534 INFO Embedding PCA visual: 44.9% explained by 12 components
2026-04-13 19:53:41,534 INFO Embedding PCA audio: 67.9% explained by 12 components
2026-04-13 19:53:41,534 INFO Embedding PCA text: 31.9% explained by 12 components
2026-04-13 19:53:41,562 INFO Embedding PCA: added 36 features (87 videos with embeddings / 87 total)
2026-04-13 19:53:41,563 INFO Train: 77 videos, Val: 10 videos
[I 2026-04-13 19:53:41,707] Using an existing study with name 'tune_lstm' instead of creating a new one.
2026-04-13 19:53:41,709 INFO Starting Optuna study: tune_lstm (8 trials)
2026-04-13 19:55:40,334 INFO Best params (val_loss=0.0246):
2026-04-13 19:55:40,334 INFO   ad_penalty: 12.522958199113086
2026-04-13 19:55:40,334 INFO   alpha_corr: 0.12276718380382587
2026-04-13 19:55:40,334 INFO   alpha_delta: 0.12174764249613329
2026-04-13 19:55:40,334 INFO   alpha_mono: 0.09244170580392744
2026-04-13 19:55:40,334 INFO   alpha_smooth: 0.4391268998756262
2026-04-13 19:55:40,334 INFO   batch_size: 8
2026-04-13 19:55:40,334 INFO   dropout: 0.10467843989753689
2026-04-13 19:55:40,334 INFO   feature_mask_prob: 0.10250298267635281
2026-04-13 19:55:40,334 INFO   hidden_size: 192
2026-04-13 19:55:40,334 INFO   lr: 0.00010331920050393406
2026-04-13 19:55:40,334 INFO   max_nan_pct: 0.36299729465460084
2026-04-13 19:55:40,334 INFO   min_nonzero_pct: 0.014226482424297096
2026-04-13 19:55:40,334 INFO   n_layers: 2
2026-04-13 19:55:40,334 INFO   noise_std: 0.02478361621887188
2026-04-13 19:55:40,334 INFO   redundant_corr_threshold: 0.75411593622259
2026-04-13 19:55:40,334 INFO   spike_penalty_weight: 15.295281828643901
2026-04-13 19:55:40,334 INFO   start_boost_factor: 3.069671270049075
2026-04-13 19:55:40,334 INFO   start_boost_secs: 29
2026-04-13 19:55:40,334 INFO   top_k_features: 60
2026-04-13 19:55:40,334 INFO   weight_decay: 0.0010103879228374594
2026-04-13 19:55:40,334 INFO   window_size: 128
2026-04-13 19:55:41,701 INFO Results saved to /home/kolya/ilya/seenx-ml/tune_hp/results/tune_lstm_best.json
[I 2026-04-13 19:54:03,605] Trial 8 finished with value: 0.05655706375837326 and parameters: {'redundant_corr_threshold': 0.8249080237694725, 'max_nan_pct': 0.5778214378844623, 'min_nonzero_pct': 0.01752410111812814, 'top_k_features': 100, 'hidden_size': 128, 'n_layers': 1, 'dropout': 0.1545474901621302, 'lr': 0.00017322667470546282, 'weight_decay': 0.0004059611610484307, 'alpha_corr': 0.3099025726528951, 'alpha_smooth': 0.3159725093210579, 'alpha_delta': 0.30386039813862936, 'alpha_mono': 0.06118528947223795, 'ad_penalty': 4.347852655649004, 'spike_penalty_weight': 8.719326916310017, 'start_boost_secs': 14, 'start_boost_factor': 2.3682099526511076, 'window_size': 64, 'batch_size': 16, 'feature_mask_prob': 0.013010318597055905, 'noise_std': 0.04744427686266667}. Best is trial 2 with value: 0.04766295999288559.
[I 2026-04-13 19:54:13,114] Trial 9 finished with value: 0.10289573669433594 and parameters: {'redundant_corr_threshold': 0.9431264066149119, 'max_nan_pct': 0.5137788066524075, 'min_nonzero_pct': 0.0032925293631105254, 'top_k_features': 40, 'hidden_size': 64, 'n_layers': 2, 'dropout': 0.26401308380298394, 'lr': 0.0001739807471129175, 'weight_decay': 0.00869299151113955, 'alpha_corr': 0.4100531293444458, 'alpha_smooth': 0.5697494707820946, 'alpha_delta': 0.7263791452993542, 'alpha_mono': 0.05978999788110852, 'ad_penalty': 23.124981640554804, 'spike_penalty_weight': 4.035327547194148, 'start_boost_secs': 10, 'start_boost_factor': 1.1356818667316142, 'window_size': 192, 'batch_size': 32, 'feature_mask_prob': 0.02818484499495253, 'noise_std': 0.04010984903770198}. Best is trial 2 with value: 0.04766295999288559.
[I 2026-04-13 19:54:31,423] Trial 10 finished with value: 0.02461395151913166 and parameters: {'redundant_corr_threshold': 0.75411593622259, 'max_nan_pct': 0.36299729465460084, 'min_nonzero_pct': 0.014226482424297096, 'top_k_features': 60, 'hidden_size': 192, 'n_layers': 2, 'dropout': 0.10467843989753689, 'lr': 0.00010331920050393406, 'weight_decay': 0.0010103879228374594, 'alpha_corr': 0.12276718380382587, 'alpha_smooth': 0.4391268998756262, 'alpha_delta': 0.12174764249613329, 'alpha_mono': 0.09244170580392744, 'ad_penalty': 12.522958199113086, 'spike_penalty_weight': 15.295281828643901, 'start_boost_secs': 29, 'start_boost_factor': 3.069671270049075, 'window_size': 128, 'batch_size': 8, 'feature_mask_prob': 0.10250298267635281, 'noise_std': 0.02478361621887188}. Best is trial 10 with value: 0.02461395151913166.
[I 2026-04-13 19:54:40,887] Trial 11 finished with value: 0.05769183896481991 and parameters: {'redundant_corr_threshold': 0.751423531475644, 'max_nan_pct': 0.34235999794593047, 'min_nonzero_pct': 0.014121914543307036, 'top_k_features': 60, 'hidden_size': 192, 'n_layers': 2, 'dropout': 0.1037726363281286, 'lr': 0.00011358364030075144, 'weight_decay': 0.000978444792994594, 'alpha_corr': 0.10092401487970225, 'alpha_smooth': 0.43514499993644956, 'alpha_delta': 0.11788464636738039, 'alpha_mono': 0.0996422459092398, 'ad_penalty': 12.64887834661566, 'spike_penalty_weight': 14.211277068798143, 'start_boost_secs': 30, 'start_boost_factor': 3.241034024915627, 'window_size': 128, 'batch_size': 8, 'feature_mask_prob': 0.10202563789853317, 'noise_std': 0.023627389717611295}. Best is trial 10 with value: 0.02461395151913166.
[I 2026-04-13 19:54:53,185] Trial 12 finished with value: 0.040577132999897 and parameters: {'redundant_corr_threshold': 0.7574345284726256, 'max_nan_pct': 0.37352501532236376, 'min_nonzero_pct': 0.009112299283990823, 'top_k_features': 60, 'hidden_size': 192, 'n_layers': 2, 'dropout': 0.19862121347198522, 'lr': 0.00010250337710944067, 'weight_decay': 0.0010392501247057787, 'alpha_corr': 0.1235346282322188, 'alpha_smooth': 0.43527257130244323, 'alpha_delta': 0.5217360905851516, 'alpha_mono': 0.09702161941951969, 'ad_penalty': 12.815380382418322, 'spike_penalty_weight': 19.20106404004558, 'start_boost_secs': 25, 'start_boost_factor': 2.981797737485375, 'window_size': 128, 'batch_size': 8, 'feature_mask_prob': 0.10069326068327766, 'noise_std': 0.028792666228058213}. Best is trial 10 with value: 0.02461395151913166.
[I 2026-04-13 19:55:05,684] Trial 13 finished with value: 0.029956388100981713 and parameters: {'redundant_corr_threshold': 0.784627946366309, 'max_nan_pct': 0.34629277696666577, 'min_nonzero_pct': 0.007906183100558439, 'top_k_features': 80, 'hidden_size': 192, 'n_layers': 2, 'dropout': 0.21225989534828105, 'lr': 0.000557682742461972, 'weight_decay': 0.0013530039186211815, 'alpha_corr': 0.10479322434469657, 'alpha_smooth': 0.40378200587609375, 'alpha_delta': 0.46140721227583076, 'alpha_mono': 0.0876827912619502, 'ad_penalty': 16.693894913971352, 'spike_penalty_weight': 19.161181125544154, 'start_boost_secs': 26, 'start_boost_factor': 2.8644455287796027, 'window_size': 128, 'batch_size': 8, 'feature_mask_prob': 0.10813975840196774, 'noise_std': 0.017187566817243115}. Best is trial 10 with value: 0.02461395151913166.
[I 2026-04-13 19:55:19,280] Trial 14 finished with value: 0.0334660928696394 and parameters: {'redundant_corr_threshold': 0.7936532076594807, 'max_nan_pct': 0.30683217621721326, 'min_nonzero_pct': 0.005423390010291145, 'top_k_features': 80, 'hidden_size': 192, 'n_layers': 2, 'dropout': 0.12044091413374182, 'lr': 0.0004173245106453506, 'weight_decay': 0.0022254114935659946, 'alpha_corr': 0.17146964221197697, 'alpha_smooth': 0.2312491707789224, 'alpha_delta': 0.15460211168856433, 'alpha_mono': 0.07944552589740535, 'ad_penalty': 17.412676917818338, 'spike_penalty_weight': 18.484538757221124, 'start_boost_secs': 27, 'start_boost_factor': 2.81521996550125, 'window_size': 128, 'batch_size': 8, 'feature_mask_prob': 0.1309010191747666, 'noise_std': 0.013454763188939081}. Best is trial 10 with value: 0.02461395151913166.
